[Mon, 15 Feb 2016 11:01:03 GMT] ACCESS ::1 - - [Mon Feb 15 2016 12:01:03 GMT+0100 (CET)] "GET / 1.1" 200 2926 "-" "Mozilla/5.0 (Macintosh; Intel Mac OS X 10_11_4) AppleWebKit/601.5.13 (KHTML, like Gecko) Version/9.1 Safari/601.5.13"
[Mon, 15 Feb 2016 11:01:03 GMT] ACCESS ::1 - - [Mon Feb 15 2016 12:01:03 GMT+0100 (CET)] "GET /css/style.css 1.1" 200 519 "http://localhost:4000/" "Mozilla/5.0 (Macintosh; Intel Mac OS X 10_11_4) AppleWebKit/601.5.13 (KHTML, like Gecko) Version/9.1 Safari/601.5.13"
[Mon, 15 Feb 2016 11:01:03 GMT] ACCESS ::1 - - [Mon Feb 15 2016 12:01:03 GMT+0100 (CET)] "GET /config/init.js 1.1" 404 1132 "http://localhost:4000/" "Mozilla/5.0 (Macintosh; Intel Mac OS X 10_11_4) AppleWebKit/601.5.13 (KHTML, like Gecko) Version/9.1 Safari/601.5.13"
[Mon, 15 Feb 2016 11:01:03 GMT] ACCESS ::1 - - [Mon Feb 15 2016 12:01:03 GMT+0100 (CET)] "GET /css/bootstrap.css 1.1" 200 151471 "http://localhost:4000/" "Mozilla/5.0 (Macintosh; Intel Mac OS X 10_11_4) AppleWebKit/601.5.13 (KHTML, like Gecko) Version/9.1 Safari/601.5.13"
[Mon, 15 Feb 2016 11:01:03 GMT] ACCESS ::1 - - [Mon Feb 15 2016 12:01:03 GMT+0100 (CET)] "GET /img/nodejs-logo.svg 1.1" 200 4855 "http://localhost:4000/" "Mozilla/5.0 (Macintosh; Intel Mac OS X 10_11_4) AppleWebKit/601.5.13 (KHTML, like Gecko) Version/9.1 Safari/601.5.13"
[Mon, 15 Feb 2016 11:01:03 GMT] ACCESS ::1 - - [Mon Feb 15 2016 12:01:03 GMT+0100 (CET)] "GET /fonts/glyphicons-halflings-regular.woff 1.1" 404 1157 "http://localhost:4000/" "Mozilla/5.0 (Macintosh; Intel Mac OS X 10_11_4) AppleWebKit/601.5.13 (KHTML, like Gecko) Version/9.1 Safari/601.5.13"
[Mon, 15 Feb 2016 11:01:03 GMT] ACCESS ::1 - - [Mon Feb 15 2016 12:01:03 GMT+0100 (CET)] "GET /fonts/glyphicons-halflings-regular.ttf 1.1" 404 1156 "http://localhost:4000/" "Mozilla/5.0 (Macintosh; Intel Mac OS X 10_11_4) AppleWebKit/601.5.13 (KHTML, like Gecko) Version/9.1 Safari/601.5.13"
[Mon, 15 Feb 2016 11:01:03 GMT] ACCESS ::1 - - [Mon Feb 15 2016 12:01:03 GMT+0100 (CET)] "GET /fonts/glyphicons-halflings-regular.svg 1.1" 200 108738 "http://localhost:4000/" "Mozilla/5.0 (Macintosh; Intel Mac OS X 10_11_4) AppleWebKit/601.5.13 (KHTML, like Gecko) Version/9.1 Safari/601.5.13"
[Mon, 15 Feb 2016 11:01:04 GMT] ACCESS ::1 - - [Mon Feb 15 2016 12:01:04 GMT+0100 (CET)] "GET /favicon.ico 1.1" 200 378 "http://localhost:4000/" "Mozilla/5.0 (Macintosh; Intel Mac OS X 10_11_4) AppleWebKit/601.5.13 (KHTML, like Gecko) Version/9.1 Safari/601.5.13"
[Mon, 15 Feb 2016 11:01:04 GMT] ACCESS ::1 - - [Mon Feb 15 2016 12:01:04 GMT+0100 (CET)] "GET /apple-touch-icon-precomposed.png 1.1" 404 1150 "-" "Safari/11601.5.13 CFNetwork/760.4 Darwin/15.4.0 (x86_64)"
[Mon, 15 Feb 2016 11:01:04 GMT] ACCESS ::1 - - [Mon Feb 15 2016 12:01:04 GMT+0100 (CET)] "GET /apple-touch-icon.png 1.1" 404 1138 "-" "Safari/11601.5.13 CFNetwork/760.4 Darwin/15.4.0 (x86_64)"
[Mon, 15 Feb 2016 11:01:05 GMT] ACCESS ::1 - - [Mon Feb 15 2016 12:01:05 GMT+0100 (CET)] "GET /login 1.1" 200 2900 "http://localhost:4000/" "Mozilla/5.0 (Macintosh; Intel Mac OS X 10_11_4) AppleWebKit/601.5.13 (KHTML, like Gecko) Version/9.1 Safari/601.5.13"
[Mon, 15 Feb 2016 11:01:05 GMT] ACCESS ::1 - - [Mon Feb 15 2016 12:01:05 GMT+0100 (CET)] "GET /css/style.css 1.1" 200 519 "http://localhost:4000/" "Mozilla/5.0 (Macintosh; Intel Mac OS X 10_11_4) AppleWebKit/601.5.13 (KHTML, like Gecko) Version/9.1 Safari/601.5.13"
[Mon, 15 Feb 2016 11:01:05 GMT] ACCESS ::1 - - [Mon Feb 15 2016 12:01:05 GMT+0100 (CET)] "GET /config/init.js 1.1" 404 1132 "http://localhost:4000/login" "Mozilla/5.0 (Macintosh; Intel Mac OS X 10_11_4) AppleWebKit/601.5.13 (KHTML, like Gecko) Version/9.1 Safari/601.5.13"
[Mon, 15 Feb 2016 11:01:05 GMT] ACCESS ::1 - - [Mon Feb 15 2016 12:01:05 GMT+0100 (CET)] "GET /css/bootstrap.css 1.1" 200 151471 "http://localhost:4000/" "Mozilla/5.0 (Macintosh; Intel Mac OS X 10_11_4) AppleWebKit/601.5.13 (KHTML, like Gecko) Version/9.1 Safari/601.5.13"
[Mon, 15 Feb 2016 11:01:05 GMT] ACCESS ::1 - - [Mon Feb 15 2016 12:01:05 GMT+0100 (CET)] "GET /img/nodejs-logo.svg 1.1" 200 4855 "http://localhost:4000/" "Mozilla/5.0 (Macintosh; Intel Mac OS X 10_11_4) AppleWebKit/601.5.13 (KHTML, like Gecko) Version/9.1 Safari/601.5.13"
[Mon, 15 Feb 2016 11:01:05 GMT] ACCESS ::1 - - [Mon Feb 15 2016 12:01:05 GMT+0100 (CET)] "GET /fonts/glyphicons-halflings-regular.woff 1.1" 404 1157 "http://localhost:4000/login" "Mozilla/5.0 (Macintosh; Intel Mac OS X 10_11_4) AppleWebKit/601.5.13 (KHTML, like Gecko) Version/9.1 Safari/601.5.13"
[Mon, 15 Feb 2016 11:01:05 GMT] ACCESS ::1 - - [Mon Feb 15 2016 12:01:05 GMT+0100 (CET)] "GET /fonts/glyphicons-halflings-regular.ttf 1.1" 404 1156 "http://localhost:4000/login" "Mozilla/5.0 (Macintosh; Intel Mac OS X 10_11_4) AppleWebKit/601.5.13 (KHTML, like Gecko) Version/9.1 Safari/601.5.13"
[Mon, 15 Feb 2016 11:01:05 GMT] ACCESS ::1 - - [Mon Feb 15 2016 12:01:05 GMT+0100 (CET)] "GET /fonts/glyphicons-halflings-regular.svg 1.1" 200 108738 "http://localhost:4000/" "Mozilla/5.0 (Macintosh; Intel Mac OS X 10_11_4) AppleWebKit/601.5.13 (KHTML, like Gecko) Version/9.1 Safari/601.5.13"
[Mon, 15 Feb 2016 11:01:13 GMT] ACCESS ::1 - - [Mon Feb 15 2016 12:01:13 GMT+0100 (CET)] "POST /auth/local 1.1" 302 - "http://localhost:4000/login" "Mozilla/5.0 (Macintosh; Intel Mac OS X 10_11_4) AppleWebKit/601.5.13 (KHTML, like Gecko) Version/9.1 Safari/601.5.13"
[Mon, 15 Feb 2016 11:01:13 GMT] ACCESS ::1 - - [Mon Feb 15 2016 12:01:13 GMT+0100 (CET)] "GET / 1.1" 200 3334 "http://localhost:4000/login" "Mozilla/5.0 (Macintosh; Intel Mac OS X 10_11_4) AppleWebKit/601.5.13 (KHTML, like Gecko) Version/9.1 Safari/601.5.13"
[Mon, 15 Feb 2016 11:01:13 GMT] ACCESS ::1 - - [Mon Feb 15 2016 12:01:13 GMT+0100 (CET)] "GET /css/style.css 1.1" 200 519 "http://localhost:4000/" "Mozilla/5.0 (Macintosh; Intel Mac OS X 10_11_4) AppleWebKit/601.5.13 (KHTML, like Gecko) Version/9.1 Safari/601.5.13"
[Mon, 15 Feb 2016 11:01:13 GMT] ACCESS ::1 - - [Mon Feb 15 2016 12:01:13 GMT+0100 (CET)] "GET /config/init.js 1.1" 404 1132 "http://localhost:4000/" "Mozilla/5.0 (Macintosh; Intel Mac OS X 10_11_4) AppleWebKit/601.5.13 (KHTML, like Gecko) Version/9.1 Safari/601.5.13"
[Mon, 15 Feb 2016 11:01:13 GMT] ACCESS ::1 - - [Mon Feb 15 2016 12:01:13 GMT+0100 (CET)] "GET /css/bootstrap.css 1.1" 200 151471 "http://localhost:4000/" "Mozilla/5.0 (Macintosh; Intel Mac OS X 10_11_4) AppleWebKit/601.5.13 (KHTML, like Gecko) Version/9.1 Safari/601.5.13"
[Mon, 15 Feb 2016 11:01:13 GMT] ACCESS ::1 - - [Mon Feb 15 2016 12:01:13 GMT+0100 (CET)] "GET /img/nodejs-logo.svg 1.1" 200 4855 "http://localhost:4000/" "Mozilla/5.0 (Macintosh; Intel Mac OS X 10_11_4) AppleWebKit/601.5.13 (KHTML, like Gecko) Version/9.1 Safari/601.5.13"
[Mon, 15 Feb 2016 11:01:13 GMT] ACCESS ::1 - - [Mon Feb 15 2016 12:01:13 GMT+0100 (CET)] "GET /fonts/glyphicons-halflings-regular.woff 1.1" 404 1157 "http://localhost:4000/" "Mozilla/5.0 (Macintosh; Intel Mac OS X 10_11_4) AppleWebKit/601.5.13 (KHTML, like Gecko) Version/9.1 Safari/601.5.13"
[Mon, 15 Feb 2016 11:01:13 GMT] ACCESS ::1 - - [Mon Feb 15 2016 12:01:13 GMT+0100 (CET)] "GET /fonts/glyphicons-halflings-regular.ttf 1.1" 404 1156 "http://localhost:4000/" "Mozilla/5.0 (Macintosh; Intel Mac OS X 10_11_4) AppleWebKit/601.5.13 (KHTML, like Gecko) Version/9.1 Safari/601.5.13"
[Mon, 15 Feb 2016 11:01:13 GMT] ACCESS ::1 - - [Mon Feb 15 2016 12:01:13 GMT+0100 (CET)] "GET /fonts/glyphicons-halflings-regular.svg 1.1" 200 108738 "http://localhost:4000/" "Mozilla/5.0 (Macintosh; Intel Mac OS X 10_11_4) AppleWebKit/601.5.13 (KHTML, like Gecko) Version/9.1 Safari/601.5.13"
[Mon, 15 Feb 2016 11:01:15 GMT] ACCESS ::1 - - [Mon Feb 15 2016 12:01:15 GMT+0100 (CET)] "GET /events 1.1" 200 4229 "http://localhost:4000/" "Mozilla/5.0 (Macintosh; Intel Mac OS X 10_11_4) AppleWebKit/601.5.13 (KHTML, like Gecko) Version/9.1 Safari/601.5.13"
[Mon, 15 Feb 2016 11:01:15 GMT] ACCESS ::1 - - [Mon Feb 15 2016 12:01:15 GMT+0100 (CET)] "GET /css/style.css 1.1" 200 519 "http://localhost:4000/" "Mozilla/5.0 (Macintosh; Intel Mac OS X 10_11_4) AppleWebKit/601.5.13 (KHTML, like Gecko) Version/9.1 Safari/601.5.13"
[Mon, 15 Feb 2016 11:01:15 GMT] ACCESS ::1 - - [Mon Feb 15 2016 12:01:15 GMT+0100 (CET)] "GET /config/init.js 1.1" 404 1132 "http://localhost:4000/events/" "Mozilla/5.0 (Macintosh; Intel Mac OS X 10_11_4) AppleWebKit/601.5.13 (KHTML, like Gecko) Version/9.1 Safari/601.5.13"
[Mon, 15 Feb 2016 11:01:15 GMT] ACCESS ::1 - - [Mon Feb 15 2016 12:01:15 GMT+0100 (CET)] "GET /css/bootstrap.css 1.1" 200 151471 "http://localhost:4000/" "Mozilla/5.0 (Macintosh; Intel Mac OS X 10_11_4) AppleWebKit/601.5.13 (KHTML, like Gecko) Version/9.1 Safari/601.5.13"
[Mon, 15 Feb 2016 11:01:15 GMT] ACCESS ::1 - - [Mon Feb 15 2016 12:01:15 GMT+0100 (CET)] "GET /img/nodejs-logo.svg 1.1" 200 4855 "http://localhost:4000/" "Mozilla/5.0 (Macintosh; Intel Mac OS X 10_11_4) AppleWebKit/601.5.13 (KHTML, like Gecko) Version/9.1 Safari/601.5.13"
[Mon, 15 Feb 2016 11:01:15 GMT] ACCESS ::1 - - [Mon Feb 15 2016 12:01:15 GMT+0100 (CET)] "GET /fonts/glyphicons-halflings-regular.woff 1.1" 404 1157 "http://localhost:4000/events/" "Mozilla/5.0 (Macintosh; Intel Mac OS X 10_11_4) AppleWebKit/601.5.13 (KHTML, like Gecko) Version/9.1 Safari/601.5.13"
[Mon, 15 Feb 2016 11:01:16 GMT] ACCESS ::1 - - [Mon Feb 15 2016 12:01:16 GMT+0100 (CET)] "GET /fonts/glyphicons-halflings-regular.ttf 1.1" 404 1156 "http://localhost:4000/events/" "Mozilla/5.0 (Macintosh; Intel Mac OS X 10_11_4) AppleWebKit/601.5.13 (KHTML, like Gecko) Version/9.1 Safari/601.5.13"
[Mon, 15 Feb 2016 11:01:16 GMT] ACCESS ::1 - - [Mon Feb 15 2016 12:01:16 GMT+0100 (CET)] "GET /fonts/glyphicons-halflings-regular.svg 1.1" 200 108738 "http://localhost:4000/" "Mozilla/5.0 (Macintosh; Intel Mac OS X 10_11_4) AppleWebKit/601.5.13 (KHTML, like Gecko) Version/9.1 Safari/601.5.13"
[Mon, 15 Feb 2016 11:01:19 GMT] ACCESS ::1 - - [Mon Feb 15 2016 12:01:19 GMT+0100 (CET)] "GET /rowers 1.1" 200 230990 "http://localhost:4000/events/" "Mozilla/5.0 (Macintosh; Intel Mac OS X 10_11_4) AppleWebKit/601.5.13 (KHTML, like Gecko) Version/9.1 Safari/601.5.13"
[Mon, 15 Feb 2016 11:01:19 GMT] ACCESS ::1 - - [Mon Feb 15 2016 12:01:19 GMT+0100 (CET)] "GET /css/style.css 1.1" 200 519 "http://localhost:4000/" "Mozilla/5.0 (Macintosh; Intel Mac OS X 10_11_4) AppleWebKit/601.5.13 (KHTML, like Gecko) Version/9.1 Safari/601.5.13"
[Mon, 15 Feb 2016 11:01:19 GMT] ACCESS ::1 - - [Mon Feb 15 2016 12:01:19 GMT+0100 (CET)] "GET /config/init.js 1.1" 404 1132 "http://localhost:4000/rowers/" "Mozilla/5.0 (Macintosh; Intel Mac OS X 10_11_4) AppleWebKit/601.5.13 (KHTML, like Gecko) Version/9.1 Safari/601.5.13"
[Mon, 15 Feb 2016 11:01:19 GMT] ACCESS ::1 - - [Mon Feb 15 2016 12:01:19 GMT+0100 (CET)] "GET /css/bootstrap.css 1.1" 200 151471 "http://localhost:4000/" "Mozilla/5.0 (Macintosh; Intel Mac OS X 10_11_4) AppleWebKit/601.5.13 (KHTML, like Gecko) Version/9.1 Safari/601.5.13"
[Mon, 15 Feb 2016 11:01:19 GMT] ACCESS ::1 - - [Mon Feb 15 2016 12:01:19 GMT+0100 (CET)] "GET /img/nodejs-logo.svg 1.1" 200 4855 "http://localhost:4000/" "Mozilla/5.0 (Macintosh; Intel Mac OS X 10_11_4) AppleWebKit/601.5.13 (KHTML, like Gecko) Version/9.1 Safari/601.5.13"
[Mon, 15 Feb 2016 11:01:20 GMT] ACCESS ::1 - - [Mon Feb 15 2016 12:01:20 GMT+0100 (CET)] "GET /fonts/glyphicons-halflings-regular.woff 1.1" 404 1157 "http://localhost:4000/rowers/" "Mozilla/5.0 (Macintosh; Intel Mac OS X 10_11_4) AppleWebKit/601.5.13 (KHTML, like Gecko) Version/9.1 Safari/601.5.13"
[Mon, 15 Feb 2016 11:01:20 GMT] ACCESS ::1 - - [Mon Feb 15 2016 12:01:20 GMT+0100 (CET)] "GET /fonts/glyphicons-halflings-regular.ttf 1.1" 404 1156 "http://localhost:4000/rowers/" "Mozilla/5.0 (Macintosh; Intel Mac OS X 10_11_4) AppleWebKit/601.5.13 (KHTML, like Gecko) Version/9.1 Safari/601.5.13"
[Mon, 15 Feb 2016 11:01:20 GMT] ACCESS ::1 - - [Mon Feb 15 2016 12:01:20 GMT+0100 (CET)] "GET /fonts/glyphicons-halflings-regular.svg 1.1" 200 108738 "http://localhost:4000/" "Mozilla/5.0 (Macintosh; Intel Mac OS X 10_11_4) AppleWebKit/601.5.13 (KHTML, like Gecko) Version/9.1 Safari/601.5.13"
[Mon, 15 Feb 2016 11:01:22 GMT] ACCESS ::1 - - [Mon Feb 15 2016 12:01:22 GMT+0100 (CET)] "GET /events 1.1" 200 4229 "http://localhost:4000/rowers/" "Mozilla/5.0 (Macintosh; Intel Mac OS X 10_11_4) AppleWebKit/601.5.13 (KHTML, like Gecko) Version/9.1 Safari/601.5.13"
[Mon, 15 Feb 2016 11:01:22 GMT] ACCESS ::1 - - [Mon Feb 15 2016 12:01:22 GMT+0100 (CET)] "GET /css/style.css 1.1" 200 519 "http://localhost:4000/" "Mozilla/5.0 (Macintosh; Intel Mac OS X 10_11_4) AppleWebKit/601.5.13 (KHTML, like Gecko) Version/9.1 Safari/601.5.13"
[Mon, 15 Feb 2016 11:01:22 GMT] ACCESS ::1 - - [Mon Feb 15 2016 12:01:22 GMT+0100 (CET)] "GET /config/init.js 1.1" 404 1132 "http://localhost:4000/events/" "Mozilla/5.0 (Macintosh; Intel Mac OS X 10_11_4) AppleWebKit/601.5.13 (KHTML, like Gecko) Version/9.1 Safari/601.5.13"
[Mon, 15 Feb 2016 11:01:22 GMT] ACCESS ::1 - - [Mon Feb 15 2016 12:01:22 GMT+0100 (CET)] "GET /css/bootstrap.css 1.1" 200 151471 "http://localhost:4000/" "Mozilla/5.0 (Macintosh; Intel Mac OS X 10_11_4) AppleWebKit/601.5.13 (KHTML, like Gecko) Version/9.1 Safari/601.5.13"
[Mon, 15 Feb 2016 11:01:22 GMT] ACCESS ::1 - - [Mon Feb 15 2016 12:01:22 GMT+0100 (CET)] "GET /img/nodejs-logo.svg 1.1" 200 4855 "http://localhost:4000/" "Mozilla/5.0 (Macintosh; Intel Mac OS X 10_11_4) AppleWebKit/601.5.13 (KHTML, like Gecko) Version/9.1 Safari/601.5.13"
[Mon, 15 Feb 2016 11:01:22 GMT] ACCESS ::1 - - [Mon Feb 15 2016 12:01:22 GMT+0100 (CET)] "GET /fonts/glyphicons-halflings-regular.woff 1.1" 404 1157 "http://localhost:4000/events/" "Mozilla/5.0 (Macintosh; Intel Mac OS X 10_11_4) AppleWebKit/601.5.13 (KHTML, like Gecko) Version/9.1 Safari/601.5.13"
[Mon, 15 Feb 2016 11:01:22 GMT] ACCESS ::1 - - [Mon Feb 15 2016 12:01:22 GMT+0100 (CET)] "GET /fonts/glyphicons-halflings-regular.ttf 1.1" 404 1156 "http://localhost:4000/events/" "Mozilla/5.0 (Macintosh; Intel Mac OS X 10_11_4) AppleWebKit/601.5.13 (KHTML, like Gecko) Version/9.1 Safari/601.5.13"
[Mon, 15 Feb 2016 11:01:23 GMT] ACCESS ::1 - - [Mon Feb 15 2016 12:01:23 GMT+0100 (CET)] "GET /fonts/glyphicons-halflings-regular.svg 1.1" 200 108738 "http://localhost:4000/" "Mozilla/5.0 (Macintosh; Intel Mac OS X 10_11_4) AppleWebKit/601.5.13 (KHTML, like Gecko) Version/9.1 Safari/601.5.13"
[Mon, 15 Feb 2016 11:01:25 GMT] ACCESS ::1 - - [Mon Feb 15 2016 12:01:25 GMT+0100 (CET)] "GET /competitions 1.1" 200 6891 "http://localhost:4000/events/" "Mozilla/5.0 (Macintosh; Intel Mac OS X 10_11_4) AppleWebKit/601.5.13 (KHTML, like Gecko) Version/9.1 Safari/601.5.13"
[Mon, 15 Feb 2016 11:01:25 GMT] ACCESS ::1 - - [Mon Feb 15 2016 12:01:25 GMT+0100 (CET)] "GET /config/init.js 1.1" 404 1132 "http://localhost:4000/competitions/" "Mozilla/5.0 (Macintosh; Intel Mac OS X 10_11_4) AppleWebKit/601.5.13 (KHTML, like Gecko) Version/9.1 Safari/601.5.13"
[Mon, 15 Feb 2016 11:01:25 GMT] ACCESS ::1 - - [Mon Feb 15 2016 12:01:25 GMT+0100 (CET)] "GET /css/style.css 1.1" 200 519 "http://localhost:4000/" "Mozilla/5.0 (Macintosh; Intel Mac OS X 10_11_4) AppleWebKit/601.5.13 (KHTML, like Gecko) Version/9.1 Safari/601.5.13"
[Mon, 15 Feb 2016 11:01:25 GMT] ACCESS ::1 - - [Mon Feb 15 2016 12:01:25 GMT+0100 (CET)] "GET /css/bootstrap.css 1.1" 200 151471 "http://localhost:4000/" "Mozilla/5.0 (Macintosh; Intel Mac OS X 10_11_4) AppleWebKit/601.5.13 (KHTML, like Gecko) Version/9.1 Safari/601.5.13"
[Mon, 15 Feb 2016 11:01:25 GMT] ACCESS ::1 - - [Mon Feb 15 2016 12:01:25 GMT+0100 (CET)] "GET /img/nodejs-logo.svg 1.1" 200 4855 "http://localhost:4000/" "Mozilla/5.0 (Macintosh; Intel Mac OS X 10_11_4) AppleWebKit/601.5.13 (KHTML, like Gecko) Version/9.1 Safari/601.5.13"
[Mon, 15 Feb 2016 11:01:25 GMT] ACCESS ::1 - - [Mon Feb 15 2016 12:01:25 GMT+0100 (CET)] "GET /fonts/glyphicons-halflings-regular.woff 1.1" 404 1157 "http://localhost:4000/competitions/" "Mozilla/5.0 (Macintosh; Intel Mac OS X 10_11_4) AppleWebKit/601.5.13 (KHTML, like Gecko) Version/9.1 Safari/601.5.13"
[Mon, 15 Feb 2016 11:01:25 GMT] ACCESS ::1 - - [Mon Feb 15 2016 12:01:25 GMT+0100 (CET)] "GET /fonts/glyphicons-halflings-regular.ttf 1.1" 404 1156 "http://localhost:4000/competitions/" "Mozilla/5.0 (Macintosh; Intel Mac OS X 10_11_4) AppleWebKit/601.5.13 (KHTML, like Gecko) Version/9.1 Safari/601.5.13"
[Mon, 15 Feb 2016 11:01:25 GMT] ACCESS ::1 - - [Mon Feb 15 2016 12:01:25 GMT+0100 (CET)] "GET /fonts/glyphicons-halflings-regular.svg 1.1" 200 108738 "http://localhost:4000/" "Mozilla/5.0 (Macintosh; Intel Mac OS X 10_11_4) AppleWebKit/601.5.13 (KHTML, like Gecko) Version/9.1 Safari/601.5.13"
[Mon, 15 Feb 2016 11:01:26 GMT] ACCESS ::1 - - [Mon Feb 15 2016 12:01:26 GMT+0100 (CET)] "GET /users 1.1" 200 6263 "http://localhost:4000/competitions/" "Mozilla/5.0 (Macintosh; Intel Mac OS X 10_11_4) AppleWebKit/601.5.13 (KHTML, like Gecko) Version/9.1 Safari/601.5.13"
[Mon, 15 Feb 2016 11:01:26 GMT] ACCESS ::1 - - [Mon Feb 15 2016 12:01:26 GMT+0100 (CET)] "GET /config/init.js 1.1" 404 1132 "http://localhost:4000/users/" "Mozilla/5.0 (Macintosh; Intel Mac OS X 10_11_4) AppleWebKit/601.5.13 (KHTML, like Gecko) Version/9.1 Safari/601.5.13"
[Mon, 15 Feb 2016 11:01:26 GMT] ACCESS ::1 - - [Mon Feb 15 2016 12:01:26 GMT+0100 (CET)] "GET /css/style.css 1.1" 200 519 "http://localhost:4000/" "Mozilla/5.0 (Macintosh; Intel Mac OS X 10_11_4) AppleWebKit/601.5.13 (KHTML, like Gecko) Version/9.1 Safari/601.5.13"
[Mon, 15 Feb 2016 11:01:26 GMT] ACCESS ::1 - - [Mon Feb 15 2016 12:01:26 GMT+0100 (CET)] "GET /css/bootstrap.css 1.1" 200 151471 "http://localhost:4000/" "Mozilla/5.0 (Macintosh; Intel Mac OS X 10_11_4) AppleWebKit/601.5.13 (KHTML, like Gecko) Version/9.1 Safari/601.5.13"
[Mon, 15 Feb 2016 11:01:26 GMT] ACCESS ::1 - - [Mon Feb 15 2016 12:01:26 GMT+0100 (CET)] "GET /img/nodejs-logo.svg 1.1" 200 4855 "http://localhost:4000/" "Mozilla/5.0 (Macintosh; Intel Mac OS X 10_11_4) AppleWebKit/601.5.13 (KHTML, like Gecko) Version/9.1 Safari/601.5.13"
[Mon, 15 Feb 2016 11:01:26 GMT] ACCESS ::1 - - [Mon Feb 15 2016 12:01:26 GMT+0100 (CET)] "GET /fonts/glyphicons-halflings-regular.woff 1.1" 404 1157 "http://localhost:4000/users/" "Mozilla/5.0 (Macintosh; Intel Mac OS X 10_11_4) AppleWebKit/601.5.13 (KHTML, like Gecko) Version/9.1 Safari/601.5.13"
[Mon, 15 Feb 2016 11:01:26 GMT] ACCESS ::1 - - [Mon Feb 15 2016 12:01:26 GMT+0100 (CET)] "GET /fonts/glyphicons-halflings-regular.ttf 1.1" 404 1156 "http://localhost:4000/users/" "Mozilla/5.0 (Macintosh; Intel Mac OS X 10_11_4) AppleWebKit/601.5.13 (KHTML, like Gecko) Version/9.1 Safari/601.5.13"
[Mon, 15 Feb 2016 11:01:26 GMT] ACCESS ::1 - - [Mon Feb 15 2016 12:01:26 GMT+0100 (CET)] "GET /fonts/glyphicons-halflings-regular.svg 1.1" 200 108738 "http://localhost:4000/" "Mozilla/5.0 (Macintosh; Intel Mac OS X 10_11_4) AppleWebKit/601.5.13 (KHTML, like Gecko) Version/9.1 Safari/601.5.13"
[Mon, 15 Feb 2016 11:01:32 GMT] ACCESS ::1 - - [Mon Feb 15 2016 12:01:32 GMT+0100 (CET)] "GET /contact 1.1" 200 3799 "http://localhost:4000/users/" "Mozilla/5.0 (Macintosh; Intel Mac OS X 10_11_4) AppleWebKit/601.5.13 (KHTML, like Gecko) Version/9.1 Safari/601.5.13"
[Mon, 15 Feb 2016 11:01:32 GMT] ACCESS ::1 - - [Mon Feb 15 2016 12:01:32 GMT+0100 (CET)] "GET /config/init.js 1.1" 404 1132 "http://localhost:4000/contact" "Mozilla/5.0 (Macintosh; Intel Mac OS X 10_11_4) AppleWebKit/601.5.13 (KHTML, like Gecko) Version/9.1 Safari/601.5.13"
[Mon, 15 Feb 2016 11:01:32 GMT] ACCESS ::1 - - [Mon Feb 15 2016 12:01:32 GMT+0100 (CET)] "GET /css/style.css 1.1" 200 519 "http://localhost:4000/" "Mozilla/5.0 (Macintosh; Intel Mac OS X 10_11_4) AppleWebKit/601.5.13 (KHTML, like Gecko) Version/9.1 Safari/601.5.13"
[Mon, 15 Feb 2016 11:01:32 GMT] ACCESS ::1 - - [Mon Feb 15 2016 12:01:32 GMT+0100 (CET)] "GET /css/bootstrap.css 1.1" 200 151471 "http://localhost:4000/" "Mozilla/5.0 (Macintosh; Intel Mac OS X 10_11_4) AppleWebKit/601.5.13 (KHTML, like Gecko) Version/9.1 Safari/601.5.13"
[Mon, 15 Feb 2016 11:01:32 GMT] ACCESS ::1 - - [Mon Feb 15 2016 12:01:32 GMT+0100 (CET)] "GET /img/nodejs-logo.svg 1.1" 200 4855 "http://localhost:4000/" "Mozilla/5.0 (Macintosh; Intel Mac OS X 10_11_4) AppleWebKit/601.5.13 (KHTML, like Gecko) Version/9.1 Safari/601.5.13"
[Mon, 15 Feb 2016 11:01:32 GMT] ACCESS ::1 - - [Mon Feb 15 2016 12:01:32 GMT+0100 (CET)] "GET /fonts/glyphicons-halflings-regular.woff 1.1" 404 1157 "http://localhost:4000/contact" "Mozilla/5.0 (Macintosh; Intel Mac OS X 10_11_4) AppleWebKit/601.5.13 (KHTML, like Gecko) Version/9.1 Safari/601.5.13"
[Mon, 15 Feb 2016 11:01:33 GMT] ACCESS ::1 - - [Mon Feb 15 2016 12:01:33 GMT+0100 (CET)] "GET /fonts/glyphicons-halflings-regular.ttf 1.1" 404 1156 "http://localhost:4000/contact" "Mozilla/5.0 (Macintosh; Intel Mac OS X 10_11_4) AppleWebKit/601.5.13 (KHTML, like Gecko) Version/9.1 Safari/601.5.13"
[Mon, 15 Feb 2016 11:01:33 GMT] ACCESS ::1 - - [Mon Feb 15 2016 12:01:33 GMT+0100 (CET)] "GET /fonts/glyphicons-halflings-regular.svg 1.1" 200 108738 "http://localhost:4000/" "Mozilla/5.0 (Macintosh; Intel Mac OS X 10_11_4) AppleWebKit/601.5.13 (KHTML, like Gecko) Version/9.1 Safari/601.5.13"
