[Sun, 22 Feb 2015 11:55:51 GMT] ERROR 127.0.0.1 - - [Sun Feb 22 2015 12:55:51 GMT+0100 (CET)] "GET /rowers 1.1" 500 2333 "http://localhost:4000/contact" "Mozilla/5.0 (Macintosh; Intel Mac OS X 10.10; rv:35.0) Gecko/20100101 Firefox/35.0"
ReferenceError: ejs:3
    1| <%= partial('layout_header'); %>
    2|   <body>
 >> 3|     <% if(currentUser!==undefined) locals.user = currentUser;  %>
    4|     <div class="navbar navbar-inverse navbar-fixed-top">
    5|       <div class="container-fluid">
    6|           
currentUser is not defined
    at handleErr (/usr/local/lib/node_modules/geddy/lib/template/engines/ejs.js:58:15)
    at Object.rethrow (/usr/local/lib/node_modules/geddy/lib/template/engines/ejs.js:92:41)
    at eval (eval at <anonymous> (/usr/local/lib/node_modules/geddy/lib/template/engines/ejs.js:90:10), <anonymous>:2:2987)
    at /usr/local/lib/node_modules/geddy/lib/template/engines/ejs.js:103:17
    at ejs.render (/usr/local/lib/node_modules/geddy/lib/template/adapters/ejs.js:28:10)
    at Adapter.render (/usr/local/lib/node_modules/geddy/lib/template/adapters/index.js:159:24)
    at Partial.renderSelf (/usr/local/lib/node_modules/geddy/lib/template/partial.js:130:36)
    at handleData (/usr/local/lib/node_modules/geddy/lib/template/partial.js:99:16)
    at /usr/local/lib/node_modules/geddy/lib/template/partial.js:117:9
    at fs.js:272:14
[Sun, 22 Feb 2015 11:57:28 GMT] ERROR 127.0.0.1 - - [Sun Feb 22 2015 12:57:28 GMT+0100 (CET)] "GET / 1.1" 500 2333 "http://localhost:4000/users/41C9B98B-F393-46FF-BA1F-211C5B1CFB06" "Mozilla/5.0 (Macintosh; Intel Mac OS X 10.10; rv:35.0) Gecko/20100101 Firefox/35.0"
ReferenceError: ejs:3
    1| <%= partial('layout_header'); %>
    2|   <body>
 >> 3|     <% if(currentUser!==undefined) locals.user = currentUser;  %>
    4|     <div class="navbar navbar-inverse navbar-fixed-top">
    5|       <div class="container-fluid">
    6|           
currentUser is not defined
    at handleErr (/usr/local/lib/node_modules/geddy/lib/template/engines/ejs.js:58:15)
    at Object.rethrow (/usr/local/lib/node_modules/geddy/lib/template/engines/ejs.js:92:41)
    at eval (eval at <anonymous> (/usr/local/lib/node_modules/geddy/lib/template/engines/ejs.js:90:10), <anonymous>:2:2987)
    at /usr/local/lib/node_modules/geddy/lib/template/engines/ejs.js:103:17
    at ejs.render (/usr/local/lib/node_modules/geddy/lib/template/adapters/ejs.js:28:10)
    at Adapter.render (/usr/local/lib/node_modules/geddy/lib/template/adapters/index.js:159:24)
    at Partial.renderSelf (/usr/local/lib/node_modules/geddy/lib/template/partial.js:130:36)
    at handleData (/usr/local/lib/node_modules/geddy/lib/template/partial.js:99:16)
    at /usr/local/lib/node_modules/geddy/lib/template/partial.js:117:9
    at fs.js:272:14
[Sun, 22 Feb 2015 11:57:40 GMT] ERROR 127.0.0.1 - - [Sun Feb 22 2015 12:57:40 GMT+0100 (CET)] "GET / 1.1" 500 2328 "http://localhost:4000/users/41C9B98B-F393-46FF-BA1F-211C5B1CFB06" "Mozilla/5.0 (Macintosh; Intel Mac OS X 10.10; rv:35.0) Gecko/20100101 Firefox/35.0"
ReferenceError: ejs:3
    1| <%= partial('layout_header'); %>
    2|   <body>
 >> 3|     <% if(currentUser!==null) locals.user = currentUser;  %>
    4|     <div class="navbar navbar-inverse navbar-fixed-top">
    5|       <div class="container-fluid">
    6|           
currentUser is not defined
    at handleErr (/usr/local/lib/node_modules/geddy/lib/template/engines/ejs.js:58:15)
    at Object.rethrow (/usr/local/lib/node_modules/geddy/lib/template/engines/ejs.js:92:41)
    at eval (eval at <anonymous> (/usr/local/lib/node_modules/geddy/lib/template/engines/ejs.js:90:10), <anonymous>:2:2982)
    at /usr/local/lib/node_modules/geddy/lib/template/engines/ejs.js:103:17
    at ejs.render (/usr/local/lib/node_modules/geddy/lib/template/adapters/ejs.js:28:10)
    at Adapter.render (/usr/local/lib/node_modules/geddy/lib/template/adapters/index.js:159:24)
    at Partial.renderSelf (/usr/local/lib/node_modules/geddy/lib/template/partial.js:130:36)
    at handleData (/usr/local/lib/node_modules/geddy/lib/template/partial.js:99:16)
    at /usr/local/lib/node_modules/geddy/lib/template/partial.js:117:9
    at fs.js:272:14
[Sun, 22 Feb 2015 11:57:41 GMT] ERROR 127.0.0.1 - - [Sun Feb 22 2015 12:57:41 GMT+0100 (CET)] "GET / 1.1" 500 2328 "http://localhost:4000/users/41C9B98B-F393-46FF-BA1F-211C5B1CFB06" "Mozilla/5.0 (Macintosh; Intel Mac OS X 10.10; rv:35.0) Gecko/20100101 Firefox/35.0"
ReferenceError: ejs:3
    1| <%= partial('layout_header'); %>
    2|   <body>
 >> 3|     <% if(currentUser!==null) locals.user = currentUser;  %>
    4|     <div class="navbar navbar-inverse navbar-fixed-top">
    5|       <div class="container-fluid">
    6|           
currentUser is not defined
    at handleErr (/usr/local/lib/node_modules/geddy/lib/template/engines/ejs.js:58:15)
    at Object.rethrow (/usr/local/lib/node_modules/geddy/lib/template/engines/ejs.js:92:41)
    at eval (eval at <anonymous> (/usr/local/lib/node_modules/geddy/lib/template/engines/ejs.js:90:10), <anonymous>:2:2982)
    at /usr/local/lib/node_modules/geddy/lib/template/engines/ejs.js:103:17
    at ejs.render (/usr/local/lib/node_modules/geddy/lib/template/adapters/ejs.js:28:10)
    at Adapter.render (/usr/local/lib/node_modules/geddy/lib/template/adapters/index.js:159:24)
    at Partial.renderSelf (/usr/local/lib/node_modules/geddy/lib/template/partial.js:130:36)
    at handleData (/usr/local/lib/node_modules/geddy/lib/template/partial.js:99:16)
    at /usr/local/lib/node_modules/geddy/lib/template/partial.js:117:9
    at fs.js:272:14
[Sun, 22 Feb 2015 11:57:57 GMT] ERROR 127.0.0.1 - - [Sun Feb 22 2015 12:57:57 GMT+0100 (CET)] "GET / 1.1" 500 2335 "http://localhost:4000/users/41C9B98B-F393-46FF-BA1F-211C5B1CFB06" "Mozilla/5.0 (Macintosh; Intel Mac OS X 10.10; rv:35.0) Gecko/20100101 Firefox/35.0"
ReferenceError: ejs:3
    1| <%= partial('layout_header'); %>
    2|   <body>
 >> 3|     <% if(currentUser!==undefined) {locals.user = currentUser;}  %>
    4|     <div class="navbar navbar-inverse navbar-fixed-top">
    5|       <div class="container-fluid">
    6|           
currentUser is not defined
    at handleErr (/usr/local/lib/node_modules/geddy/lib/template/engines/ejs.js:58:15)
    at Object.rethrow (/usr/local/lib/node_modules/geddy/lib/template/engines/ejs.js:92:41)
    at eval (eval at <anonymous> (/usr/local/lib/node_modules/geddy/lib/template/engines/ejs.js:90:10), <anonymous>:2:2989)
    at /usr/local/lib/node_modules/geddy/lib/template/engines/ejs.js:103:17
    at ejs.render (/usr/local/lib/node_modules/geddy/lib/template/adapters/ejs.js:28:10)
    at Adapter.render (/usr/local/lib/node_modules/geddy/lib/template/adapters/index.js:159:24)
    at Partial.renderSelf (/usr/local/lib/node_modules/geddy/lib/template/partial.js:130:36)
    at handleData (/usr/local/lib/node_modules/geddy/lib/template/partial.js:99:16)
    at /usr/local/lib/node_modules/geddy/lib/template/partial.js:117:9
    at fs.js:272:14
[Sun, 22 Feb 2015 11:58:01 GMT] ERROR 127.0.0.1 - - [Sun Feb 22 2015 12:58:01 GMT+0100 (CET)] "GET / 1.1" 500 2334 "http://localhost:4000/users/41C9B98B-F393-46FF-BA1F-211C5B1CFB06" "Mozilla/5.0 (Macintosh; Intel Mac OS X 10.10; rv:35.0) Gecko/20100101 Firefox/35.0"
ReferenceError: ejs:3
    1| <%= partial('layout_header'); %>
    2|   <body>
 >> 3|     <% if(currentUser!=undefined) {locals.user = currentUser;}  %>
    4|     <div class="navbar navbar-inverse navbar-fixed-top">
    5|       <div class="container-fluid">
    6|           
currentUser is not defined
    at handleErr (/usr/local/lib/node_modules/geddy/lib/template/engines/ejs.js:58:15)
    at Object.rethrow (/usr/local/lib/node_modules/geddy/lib/template/engines/ejs.js:92:41)
    at eval (eval at <anonymous> (/usr/local/lib/node_modules/geddy/lib/template/engines/ejs.js:90:10), <anonymous>:2:2988)
    at /usr/local/lib/node_modules/geddy/lib/template/engines/ejs.js:103:17
    at ejs.render (/usr/local/lib/node_modules/geddy/lib/template/adapters/ejs.js:28:10)
    at Adapter.render (/usr/local/lib/node_modules/geddy/lib/template/adapters/index.js:159:24)
    at Partial.renderSelf (/usr/local/lib/node_modules/geddy/lib/template/partial.js:130:36)
    at handleData (/usr/local/lib/node_modules/geddy/lib/template/partial.js:99:16)
    at /usr/local/lib/node_modules/geddy/lib/template/partial.js:117:9
    at fs.js:272:14
[Sun, 22 Feb 2015 11:58:02 GMT] ERROR 127.0.0.1 - - [Sun Feb 22 2015 12:58:02 GMT+0100 (CET)] "GET / 1.1" 500 2334 "http://localhost:4000/users/41C9B98B-F393-46FF-BA1F-211C5B1CFB06" "Mozilla/5.0 (Macintosh; Intel Mac OS X 10.10; rv:35.0) Gecko/20100101 Firefox/35.0"
ReferenceError: ejs:3
    1| <%= partial('layout_header'); %>
    2|   <body>
 >> 3|     <% if(currentUser!=undefined) {locals.user = currentUser;}  %>
    4|     <div class="navbar navbar-inverse navbar-fixed-top">
    5|       <div class="container-fluid">
    6|           
currentUser is not defined
    at handleErr (/usr/local/lib/node_modules/geddy/lib/template/engines/ejs.js:58:15)
    at Object.rethrow (/usr/local/lib/node_modules/geddy/lib/template/engines/ejs.js:92:41)
    at eval (eval at <anonymous> (/usr/local/lib/node_modules/geddy/lib/template/engines/ejs.js:90:10), <anonymous>:2:2988)
    at /usr/local/lib/node_modules/geddy/lib/template/engines/ejs.js:103:17
    at ejs.render (/usr/local/lib/node_modules/geddy/lib/template/adapters/ejs.js:28:10)
    at Adapter.render (/usr/local/lib/node_modules/geddy/lib/template/adapters/index.js:159:24)
    at Partial.renderSelf (/usr/local/lib/node_modules/geddy/lib/template/partial.js:130:36)
    at handleData (/usr/local/lib/node_modules/geddy/lib/template/partial.js:99:16)
    at /usr/local/lib/node_modules/geddy/lib/template/partial.js:117:9
    at fs.js:272:14
[Sun, 22 Feb 2015 11:58:47 GMT] ERROR 127.0.0.1 - - [Sun Feb 22 2015 12:58:47 GMT+0100 (CET)] "GET / 1.1" 500 2323 "http://localhost:4000/users/41C9B98B-F393-46FF-BA1F-211C5B1CFB06" "Mozilla/5.0 (Macintosh; Intel Mac OS X 10.10; rv:35.0) Gecko/20100101 Firefox/35.0"
ReferenceError: ejs:3
    1| <%= partial('layout_header'); %>
    2|   <body>
 >> 3|     <% if(currentUser) {locals.user = currentUser;}  %>
    4|     <div class="navbar navbar-inverse navbar-fixed-top">
    5|       <div class="container-fluid">
    6|           
currentUser is not defined
    at handleErr (/usr/local/lib/node_modules/geddy/lib/template/engines/ejs.js:58:15)
    at Object.rethrow (/usr/local/lib/node_modules/geddy/lib/template/engines/ejs.js:92:41)
    at eval (eval at <anonymous> (/usr/local/lib/node_modules/geddy/lib/template/engines/ejs.js:90:10), <anonymous>:2:2977)
    at /usr/local/lib/node_modules/geddy/lib/template/engines/ejs.js:103:17
    at ejs.render (/usr/local/lib/node_modules/geddy/lib/template/adapters/ejs.js:28:10)
    at Adapter.render (/usr/local/lib/node_modules/geddy/lib/template/adapters/index.js:159:24)
    at Partial.renderSelf (/usr/local/lib/node_modules/geddy/lib/template/partial.js:130:36)
    at handleData (/usr/local/lib/node_modules/geddy/lib/template/partial.js:99:16)
    at /usr/local/lib/node_modules/geddy/lib/template/partial.js:117:9
    at fs.js:272:14
[Sun, 22 Feb 2015 11:58:48 GMT] ERROR 127.0.0.1 - - [Sun Feb 22 2015 12:58:48 GMT+0100 (CET)] "GET / 1.1" 500 2323 "http://localhost:4000/users/41C9B98B-F393-46FF-BA1F-211C5B1CFB06" "Mozilla/5.0 (Macintosh; Intel Mac OS X 10.10; rv:35.0) Gecko/20100101 Firefox/35.0"
ReferenceError: ejs:3
    1| <%= partial('layout_header'); %>
    2|   <body>
 >> 3|     <% if(currentUser) {locals.user = currentUser;}  %>
    4|     <div class="navbar navbar-inverse navbar-fixed-top">
    5|       <div class="container-fluid">
    6|           
currentUser is not defined
    at handleErr (/usr/local/lib/node_modules/geddy/lib/template/engines/ejs.js:58:15)
    at Object.rethrow (/usr/local/lib/node_modules/geddy/lib/template/engines/ejs.js:92:41)
    at eval (eval at <anonymous> (/usr/local/lib/node_modules/geddy/lib/template/engines/ejs.js:90:10), <anonymous>:2:2977)
    at /usr/local/lib/node_modules/geddy/lib/template/engines/ejs.js:103:17
    at ejs.render (/usr/local/lib/node_modules/geddy/lib/template/adapters/ejs.js:28:10)
    at Adapter.render (/usr/local/lib/node_modules/geddy/lib/template/adapters/index.js:159:24)
    at Partial.renderSelf (/usr/local/lib/node_modules/geddy/lib/template/partial.js:130:36)
    at handleData (/usr/local/lib/node_modules/geddy/lib/template/partial.js:99:16)
    at /usr/local/lib/node_modules/geddy/lib/template/partial.js:117:9
    at fs.js:272:14
[Sun, 22 Feb 2015 11:59:12 GMT] ERROR 127.0.0.1 - - [Sun Feb 22 2015 12:59:12 GMT+0100 (CET)] "GET / 1.1" 500 2351 "http://localhost:4000/users/41C9B98B-F393-46FF-BA1F-211C5B1CFB06" "Mozilla/5.0 (Macintosh; Intel Mac OS X 10.10; rv:35.0) Gecko/20100101 Firefox/35.0"
ReferenceError: ejs:3
    1| <%= partial('layout_header'); %>
    2|   <body>
 >> 3|     <% if(typeof currentUser=='undefined') {locals.user = currentUser;}  %>
    4|     <div class="navbar navbar-inverse navbar-fixed-top">
    5|       <div class="container-fluid">
    6|           
currentUser is not defined
    at handleErr (/usr/local/lib/node_modules/geddy/lib/template/engines/ejs.js:58:15)
    at Object.rethrow (/usr/local/lib/node_modules/geddy/lib/template/engines/ejs.js:92:41)
    at eval (eval at <anonymous> (/usr/local/lib/node_modules/geddy/lib/template/engines/ejs.js:90:10), <anonymous>:2:2997)
    at /usr/local/lib/node_modules/geddy/lib/template/engines/ejs.js:103:17
    at ejs.render (/usr/local/lib/node_modules/geddy/lib/template/adapters/ejs.js:28:10)
    at Adapter.render (/usr/local/lib/node_modules/geddy/lib/template/adapters/index.js:159:24)
    at Partial.renderSelf (/usr/local/lib/node_modules/geddy/lib/template/partial.js:130:36)
    at handleData (/usr/local/lib/node_modules/geddy/lib/template/partial.js:99:16)
    at /usr/local/lib/node_modules/geddy/lib/template/partial.js:117:9
    at fs.js:272:14
[Sun, 22 Feb 2015 11:59:13 GMT] ERROR 127.0.0.1 - - [Sun Feb 22 2015 12:59:13 GMT+0100 (CET)] "GET / 1.1" 500 2351 "http://localhost:4000/users/41C9B98B-F393-46FF-BA1F-211C5B1CFB06" "Mozilla/5.0 (Macintosh; Intel Mac OS X 10.10; rv:35.0) Gecko/20100101 Firefox/35.0"
ReferenceError: ejs:3
    1| <%= partial('layout_header'); %>
    2|   <body>
 >> 3|     <% if(typeof currentUser=='undefined') {locals.user = currentUser;}  %>
    4|     <div class="navbar navbar-inverse navbar-fixed-top">
    5|       <div class="container-fluid">
    6|           
currentUser is not defined
    at handleErr (/usr/local/lib/node_modules/geddy/lib/template/engines/ejs.js:58:15)
    at Object.rethrow (/usr/local/lib/node_modules/geddy/lib/template/engines/ejs.js:92:41)
    at eval (eval at <anonymous> (/usr/local/lib/node_modules/geddy/lib/template/engines/ejs.js:90:10), <anonymous>:2:2997)
    at /usr/local/lib/node_modules/geddy/lib/template/engines/ejs.js:103:17
    at ejs.render (/usr/local/lib/node_modules/geddy/lib/template/adapters/ejs.js:28:10)
    at Adapter.render (/usr/local/lib/node_modules/geddy/lib/template/adapters/index.js:159:24)
    at Partial.renderSelf (/usr/local/lib/node_modules/geddy/lib/template/partial.js:130:36)
    at handleData (/usr/local/lib/node_modules/geddy/lib/template/partial.js:99:16)
    at /usr/local/lib/node_modules/geddy/lib/template/partial.js:117:9
    at fs.js:272:14
[Sun, 22 Feb 2015 12:01:24 GMT] ERROR 127.0.0.1 - - [Sun Feb 22 2015 13:01:24 GMT+0100 (CET)] "GET /users 1.1" 500 1624 "-" "Mozilla/5.0 (Macintosh; Intel Mac OS X 10.10; rv:35.0) Gecko/20100101 Firefox/35.0"
TypeError: Cannot call method 'redirect' of undefined
    at index (/Users/nairdacom/Documents/Autorskie/Entries.js/app/controllers/users.js:46:40)
    at callback [as last] (/usr/local/lib/node_modules/geddy/lib/controller/base_controller.js:356:24)
    at async.AsyncBase.next (/usr/local/lib/node_modules/geddy/node_modules/utilities/lib/async.js:123:12)
    at /usr/local/lib/node_modules/geddy/node_modules/utilities/lib/async.js:155:54
    at process._tickDomainCallback (node.js:486:13)
[Sun, 22 Feb 2015 12:03:21 GMT] ERROR 127.0.0.1 - - [Sun Feb 22 2015 13:03:21 GMT+0100 (CET)] "GET /users/41C9B98B-F393-46FF-BA1F-211C5B1CFB06/edit 1.1" 500 2379 "http://localhost:4000/" "Mozilla/5.0 (Macintosh; Intel Mac OS X 10.10; rv:35.0) Gecko/20100101 Firefox/35.0"
ReferenceError: ejs:1
 >> 1| <% if(currentUser.isAdmin) { %> 
    2| <div class="form-group col-md-6">
    3|   <label for="username" class="control-label">Nazwa użytkownika</label>
    4|   <%- contentTag('input', user.username, {type:'text', class:'form-control', name:'username'}) %>
currentUser is not defined
    at handleErr (/usr/local/lib/node_modules/geddy/lib/template/engines/ejs.js:58:15)
    at Object.rethrow (/usr/local/lib/node_modules/geddy/lib/template/engines/ejs.js:92:41)
    at eval (eval at <anonymous> (/usr/local/lib/node_modules/geddy/lib/template/engines/ejs.js:90:10), <anonymous>:2:5595)
    at /usr/local/lib/node_modules/geddy/lib/template/engines/ejs.js:103:17
    at ejs.render (/usr/local/lib/node_modules/geddy/lib/template/adapters/ejs.js:28:10)
    at Adapter.render (/usr/local/lib/node_modules/geddy/lib/template/adapters/index.js:159:24)
    at Partial.renderSelf (/usr/local/lib/node_modules/geddy/lib/template/partial.js:130:36)
    at handleData (/usr/local/lib/node_modules/geddy/lib/template/partial.js:99:16)
    at /usr/local/lib/node_modules/geddy/lib/template/partial.js:117:9
    at fs.js:272:14
[Sun, 22 Feb 2015 12:03:57 GMT] ERROR 127.0.0.1 - - [Sun Feb 22 2015 13:03:57 GMT+0100 (CET)] "GET /users/41C9B98B-F393-46FF-BA1F-211C5B1CFB06/edit 1.1" 500 2379 "http://localhost:4000/" "Mozilla/5.0 (Macintosh; Intel Mac OS X 10.10; rv:35.0) Gecko/20100101 Firefox/35.0"
ReferenceError: ejs:1
 >> 1| <% if(currentUser.isAdmin) { %> 
    2| <div class="form-group col-md-6">
    3|   <label for="username" class="control-label">Nazwa użytkownika</label>
    4|   <%- contentTag('input', user.username, {type:'text', class:'form-control', name:'username'}) %>
currentUser is not defined
    at handleErr (/usr/local/lib/node_modules/geddy/lib/template/engines/ejs.js:58:15)
    at Object.rethrow (/usr/local/lib/node_modules/geddy/lib/template/engines/ejs.js:92:41)
    at eval (eval at <anonymous> (/usr/local/lib/node_modules/geddy/lib/template/engines/ejs.js:90:10), <anonymous>:2:5595)
    at /usr/local/lib/node_modules/geddy/lib/template/engines/ejs.js:103:17
    at ejs.render (/usr/local/lib/node_modules/geddy/lib/template/adapters/ejs.js:28:10)
    at Adapter.render (/usr/local/lib/node_modules/geddy/lib/template/adapters/index.js:159:24)
    at Partial.renderSelf (/usr/local/lib/node_modules/geddy/lib/template/partial.js:130:36)
    at handleData (/usr/local/lib/node_modules/geddy/lib/template/partial.js:99:16)
    at /usr/local/lib/node_modules/geddy/lib/template/partial.js:117:9
    at fs.js:272:14
[Sun, 22 Feb 2015 12:05:26 GMT] ERROR 127.0.0.1 - - [Sun Feb 22 2015 13:05:26 GMT+0100 (CET)] "GET /users/41C9B98B-F393-46FF-BA1F-211C5B1CFB06/edit 1.1" 500 2379 "http://localhost:4000/" "Mozilla/5.0 (Macintosh; Intel Mac OS X 10.10; rv:35.0) Gecko/20100101 Firefox/35.0"
ReferenceError: ejs:1
 >> 1| <% if(currentUser.isAdmin) { %> 
    2| <div class="form-group col-md-6">
    3|   <label for="username" class="control-label">Nazwa użytkownika</label>
    4|   <%- contentTag('input', user.username, {type:'text', class:'form-control', name:'username'}) %>
currentUser is not defined
    at handleErr (/usr/local/lib/node_modules/geddy/lib/template/engines/ejs.js:58:15)
    at Object.rethrow (/usr/local/lib/node_modules/geddy/lib/template/engines/ejs.js:92:41)
    at eval (eval at <anonymous> (/usr/local/lib/node_modules/geddy/lib/template/engines/ejs.js:90:10), <anonymous>:2:5595)
    at /usr/local/lib/node_modules/geddy/lib/template/engines/ejs.js:103:17
    at ejs.render (/usr/local/lib/node_modules/geddy/lib/template/adapters/ejs.js:28:10)
    at Adapter.render (/usr/local/lib/node_modules/geddy/lib/template/adapters/index.js:159:24)
    at Partial.renderSelf (/usr/local/lib/node_modules/geddy/lib/template/partial.js:130:36)
    at handleData (/usr/local/lib/node_modules/geddy/lib/template/partial.js:99:16)
    at /usr/local/lib/node_modules/geddy/lib/template/partial.js:117:9
    at fs.js:272:14
[Sun, 22 Feb 2015 12:05:56 GMT] ERROR 127.0.0.1 - - [Sun Feb 22 2015 13:05:56 GMT+0100 (CET)] "GET /users/41C9B98B-F393-46FF-BA1F-211C5B1CFB06/edit 1.1" 500 2379 "http://localhost:4000/" "Mozilla/5.0 (Macintosh; Intel Mac OS X 10.10; rv:35.0) Gecko/20100101 Firefox/35.0"
ReferenceError: ejs:1
 >> 1| <% if(currentUser.isAdmin) { %> 
    2| <div class="form-group col-md-6">
    3|   <label for="username" class="control-label">Nazwa użytkownika</label>
    4|   <%- contentTag('input', user.username, {type:'text', class:'form-control', name:'username'}) %>
currentUser is not defined
    at handleErr (/usr/local/lib/node_modules/geddy/lib/template/engines/ejs.js:58:15)
    at Object.rethrow (/usr/local/lib/node_modules/geddy/lib/template/engines/ejs.js:92:41)
    at eval (eval at <anonymous> (/usr/local/lib/node_modules/geddy/lib/template/engines/ejs.js:90:10), <anonymous>:2:5595)
    at /usr/local/lib/node_modules/geddy/lib/template/engines/ejs.js:103:17
    at ejs.render (/usr/local/lib/node_modules/geddy/lib/template/adapters/ejs.js:28:10)
    at Adapter.render (/usr/local/lib/node_modules/geddy/lib/template/adapters/index.js:159:24)
    at Partial.renderSelf (/usr/local/lib/node_modules/geddy/lib/template/partial.js:130:36)
    at handleData (/usr/local/lib/node_modules/geddy/lib/template/partial.js:99:16)
    at /usr/local/lib/node_modules/geddy/lib/template/partial.js:117:9
    at fs.js:272:14
[Sun, 22 Feb 2015 12:06:07 GMT] ERROR 127.0.0.1 - - [Sun Feb 22 2015 13:06:07 GMT+0100 (CET)] "GET /users/41C9B98B-F393-46FF-BA1F-211C5B1CFB06/edit 1.1" 500 2379 "http://localhost:4000/users/41C9B98B-F393-46FF-BA1F-211C5B1CFB06/" "Mozilla/5.0 (Macintosh; Intel Mac OS X 10.10; rv:35.0) Gecko/20100101 Firefox/35.0"
ReferenceError: ejs:1
 >> 1| <% if(currentUser.isAdmin) { %> 
    2| <div class="form-group col-md-6">
    3|   <label for="username" class="control-label">Nazwa użytkownika</label>
    4|   <%- contentTag('input', user.username, {type:'text', class:'form-control', name:'username'}) %>
currentUser is not defined
    at handleErr (/usr/local/lib/node_modules/geddy/lib/template/engines/ejs.js:58:15)
    at Object.rethrow (/usr/local/lib/node_modules/geddy/lib/template/engines/ejs.js:92:41)
    at eval (eval at <anonymous> (/usr/local/lib/node_modules/geddy/lib/template/engines/ejs.js:90:10), <anonymous>:2:5595)
    at /usr/local/lib/node_modules/geddy/lib/template/engines/ejs.js:103:17
    at ejs.render (/usr/local/lib/node_modules/geddy/lib/template/adapters/ejs.js:28:10)
    at Adapter.render (/usr/local/lib/node_modules/geddy/lib/template/adapters/index.js:159:24)
    at Partial.renderSelf (/usr/local/lib/node_modules/geddy/lib/template/partial.js:130:36)
    at handleData (/usr/local/lib/node_modules/geddy/lib/template/partial.js:99:16)
    at /usr/local/lib/node_modules/geddy/lib/template/partial.js:117:9
    at fs.js:272:14
[Sun, 22 Feb 2015 12:07:21 GMT] ERROR 127.0.0.1 - - [Sun Feb 22 2015 13:07:21 GMT+0100 (CET)] "GET /users/41C9B98B-F393-46FF-BA1F-211C5B1CFB06/edit 1.1" 500 2242 "http://localhost:4000/users/41C9B98B-F393-46FF-BA1F-211C5B1CFB06/" "Mozilla/5.0 (Macintosh; Intel Mac OS X 10.10; rv:35.0) Gecko/20100101 Firefox/35.0"
Error: respondWith expects either a model, a collection of models, or an Error object
    at strategy (/usr/local/lib/node_modules/geddy/lib/controller/responder/strategies/html.js:164:15)
    at responder.Responder.respond (/usr/local/lib/node_modules/geddy/lib/controller/responder/index.js:48:31)
    at utils.mixin._handleWithResponder (/usr/local/lib/node_modules/geddy/lib/controller/base_controller.js:392:17)
    at utils.mixin.respondWith (/usr/local/lib/node_modules/geddy/lib/controller/base_controller.js:703:10)
    at /Users/nairdacom/Documents/Autorskie/Entries.js/app/controllers/users.js:193:14
    at utils.mixin.load (/usr/local/lib/node_modules/geddy/node_modules/model/lib/adapters/memory/index.js:73:9)
    at Object.obj.all (/usr/local/lib/node_modules/geddy/node_modules/model/lib/index.js:394:25)
    at Function.obj.first (/usr/local/lib/node_modules/geddy/node_modules/model/lib/index.js:356:18)
    at edit (/Users/nairdacom/Documents/Autorskie/Entries.js/app/controllers/users.js:185:22)
    at callback [as last] (/usr/local/lib/node_modules/geddy/lib/controller/base_controller.js:356:24)
[Sun, 22 Feb 2015 12:07:22 GMT] ERROR 127.0.0.1 - - [Sun Feb 22 2015 13:07:22 GMT+0100 (CET)] "GET /users/41C9B98B-F393-46FF-BA1F-211C5B1CFB06/edit 1.1" 500 2242 "http://localhost:4000/users/41C9B98B-F393-46FF-BA1F-211C5B1CFB06/" "Mozilla/5.0 (Macintosh; Intel Mac OS X 10.10; rv:35.0) Gecko/20100101 Firefox/35.0"
Error: respondWith expects either a model, a collection of models, or an Error object
    at strategy (/usr/local/lib/node_modules/geddy/lib/controller/responder/strategies/html.js:164:15)
    at responder.Responder.respond (/usr/local/lib/node_modules/geddy/lib/controller/responder/index.js:48:31)
    at utils.mixin._handleWithResponder (/usr/local/lib/node_modules/geddy/lib/controller/base_controller.js:392:17)
    at utils.mixin.respondWith (/usr/local/lib/node_modules/geddy/lib/controller/base_controller.js:703:10)
    at /Users/nairdacom/Documents/Autorskie/Entries.js/app/controllers/users.js:193:14
    at utils.mixin.load (/usr/local/lib/node_modules/geddy/node_modules/model/lib/adapters/memory/index.js:73:9)
    at Object.obj.all (/usr/local/lib/node_modules/geddy/node_modules/model/lib/index.js:394:25)
    at Function.obj.first (/usr/local/lib/node_modules/geddy/node_modules/model/lib/index.js:356:18)
    at edit (/Users/nairdacom/Documents/Autorskie/Entries.js/app/controllers/users.js:185:22)
    at callback [as last] (/usr/local/lib/node_modules/geddy/lib/controller/base_controller.js:356:24)
[Sun, 22 Feb 2015 12:07:52 GMT] ERROR 127.0.0.1 - - [Sun Feb 22 2015 13:07:52 GMT+0100 (CET)] "GET /users/41C9B98B-F393-46FF-BA1F-211C5B1CFB06/edit 1.1" 500 2242 "http://localhost:4000/users/41C9B98B-F393-46FF-BA1F-211C5B1CFB06/" "Mozilla/5.0 (Macintosh; Intel Mac OS X 10.10; rv:35.0) Gecko/20100101 Firefox/35.0"
Error: respondWith expects either a model, a collection of models, or an Error object
    at strategy (/usr/local/lib/node_modules/geddy/lib/controller/responder/strategies/html.js:164:15)
    at responder.Responder.respond (/usr/local/lib/node_modules/geddy/lib/controller/responder/index.js:48:31)
    at utils.mixin._handleWithResponder (/usr/local/lib/node_modules/geddy/lib/controller/base_controller.js:392:17)
    at utils.mixin.respondWith (/usr/local/lib/node_modules/geddy/lib/controller/base_controller.js:703:10)
    at /Users/nairdacom/Documents/Autorskie/Entries.js/app/controllers/users.js:193:14
    at utils.mixin.load (/usr/local/lib/node_modules/geddy/node_modules/model/lib/adapters/memory/index.js:73:9)
    at Object.obj.all (/usr/local/lib/node_modules/geddy/node_modules/model/lib/index.js:394:25)
    at Function.obj.first (/usr/local/lib/node_modules/geddy/node_modules/model/lib/index.js:356:18)
    at edit (/Users/nairdacom/Documents/Autorskie/Entries.js/app/controllers/users.js:185:22)
    at callback [as last] (/usr/local/lib/node_modules/geddy/lib/controller/base_controller.js:356:24)
[Sun, 22 Feb 2015 12:08:11 GMT] ERROR 127.0.0.1 - - [Sun Feb 22 2015 13:08:11 GMT+0100 (CET)] "GET /users/41C9B98B-F393-46FF-BA1F-211C5B1CFB06/edit 1.1" 500 2242 "http://localhost:4000/users/41C9B98B-F393-46FF-BA1F-211C5B1CFB06/" "Mozilla/5.0 (Macintosh; Intel Mac OS X 10.10; rv:35.0) Gecko/20100101 Firefox/35.0"
Error: respondWith expects either a model, a collection of models, or an Error object
    at strategy (/usr/local/lib/node_modules/geddy/lib/controller/responder/strategies/html.js:164:15)
    at responder.Responder.respond (/usr/local/lib/node_modules/geddy/lib/controller/responder/index.js:48:31)
    at utils.mixin._handleWithResponder (/usr/local/lib/node_modules/geddy/lib/controller/base_controller.js:392:17)
    at utils.mixin.respondWith (/usr/local/lib/node_modules/geddy/lib/controller/base_controller.js:703:10)
    at /Users/nairdacom/Documents/Autorskie/Entries.js/app/controllers/users.js:193:14
    at utils.mixin.load (/usr/local/lib/node_modules/geddy/node_modules/model/lib/adapters/memory/index.js:73:9)
    at Object.obj.all (/usr/local/lib/node_modules/geddy/node_modules/model/lib/index.js:394:25)
    at Function.obj.first (/usr/local/lib/node_modules/geddy/node_modules/model/lib/index.js:356:18)
    at edit (/Users/nairdacom/Documents/Autorskie/Entries.js/app/controllers/users.js:185:22)
    at callback [as last] (/usr/local/lib/node_modules/geddy/lib/controller/base_controller.js:356:24)
[Sun, 22 Feb 2015 12:08:12 GMT] ERROR 127.0.0.1 - - [Sun Feb 22 2015 13:08:12 GMT+0100 (CET)] "GET /users/41C9B98B-F393-46FF-BA1F-211C5B1CFB06/edit 1.1" 500 2242 "http://localhost:4000/users/41C9B98B-F393-46FF-BA1F-211C5B1CFB06/" "Mozilla/5.0 (Macintosh; Intel Mac OS X 10.10; rv:35.0) Gecko/20100101 Firefox/35.0"
Error: respondWith expects either a model, a collection of models, or an Error object
    at strategy (/usr/local/lib/node_modules/geddy/lib/controller/responder/strategies/html.js:164:15)
    at responder.Responder.respond (/usr/local/lib/node_modules/geddy/lib/controller/responder/index.js:48:31)
    at utils.mixin._handleWithResponder (/usr/local/lib/node_modules/geddy/lib/controller/base_controller.js:392:17)
    at utils.mixin.respondWith (/usr/local/lib/node_modules/geddy/lib/controller/base_controller.js:703:10)
    at /Users/nairdacom/Documents/Autorskie/Entries.js/app/controllers/users.js:193:14
    at utils.mixin.load (/usr/local/lib/node_modules/geddy/node_modules/model/lib/adapters/memory/index.js:73:9)
    at Object.obj.all (/usr/local/lib/node_modules/geddy/node_modules/model/lib/index.js:394:25)
    at Function.obj.first (/usr/local/lib/node_modules/geddy/node_modules/model/lib/index.js:356:18)
    at edit (/Users/nairdacom/Documents/Autorskie/Entries.js/app/controllers/users.js:185:22)
    at callback [as last] (/usr/local/lib/node_modules/geddy/lib/controller/base_controller.js:356:24)
[Sun, 22 Feb 2015 12:08:12 GMT] ERROR 127.0.0.1 - - [Sun Feb 22 2015 13:08:12 GMT+0100 (CET)] "GET /users/41C9B98B-F393-46FF-BA1F-211C5B1CFB06/edit 1.1" 500 2242 "http://localhost:4000/users/41C9B98B-F393-46FF-BA1F-211C5B1CFB06/" "Mozilla/5.0 (Macintosh; Intel Mac OS X 10.10; rv:35.0) Gecko/20100101 Firefox/35.0"
Error: respondWith expects either a model, a collection of models, or an Error object
    at strategy (/usr/local/lib/node_modules/geddy/lib/controller/responder/strategies/html.js:164:15)
    at responder.Responder.respond (/usr/local/lib/node_modules/geddy/lib/controller/responder/index.js:48:31)
    at utils.mixin._handleWithResponder (/usr/local/lib/node_modules/geddy/lib/controller/base_controller.js:392:17)
    at utils.mixin.respondWith (/usr/local/lib/node_modules/geddy/lib/controller/base_controller.js:703:10)
    at /Users/nairdacom/Documents/Autorskie/Entries.js/app/controllers/users.js:193:14
    at utils.mixin.load (/usr/local/lib/node_modules/geddy/node_modules/model/lib/adapters/memory/index.js:73:9)
    at Object.obj.all (/usr/local/lib/node_modules/geddy/node_modules/model/lib/index.js:394:25)
    at Function.obj.first (/usr/local/lib/node_modules/geddy/node_modules/model/lib/index.js:356:18)
    at edit (/Users/nairdacom/Documents/Autorskie/Entries.js/app/controllers/users.js:185:22)
    at callback [as last] (/usr/local/lib/node_modules/geddy/lib/controller/base_controller.js:356:24)
[Sun, 22 Feb 2015 12:08:51 GMT] ERROR 127.0.0.1 - - [Sun Feb 22 2015 13:08:51 GMT+0100 (CET)] "GET /users/41C9B98B-F393-46FF-BA1F-211C5B1CFB06/edit 1.1" 500 2242 "http://localhost:4000/users/41C9B98B-F393-46FF-BA1F-211C5B1CFB06/" "Mozilla/5.0 (Macintosh; Intel Mac OS X 10.10; rv:35.0) Gecko/20100101 Firefox/35.0"
Error: respondWith expects either a model, a collection of models, or an Error object
    at strategy (/usr/local/lib/node_modules/geddy/lib/controller/responder/strategies/html.js:164:15)
    at responder.Responder.respond (/usr/local/lib/node_modules/geddy/lib/controller/responder/index.js:48:31)
    at utils.mixin._handleWithResponder (/usr/local/lib/node_modules/geddy/lib/controller/base_controller.js:392:17)
    at utils.mixin.respondWith (/usr/local/lib/node_modules/geddy/lib/controller/base_controller.js:703:10)
    at /Users/nairdacom/Documents/Autorskie/Entries.js/app/controllers/users.js:194:14
    at utils.mixin.load (/usr/local/lib/node_modules/geddy/node_modules/model/lib/adapters/memory/index.js:73:9)
    at Object.obj.all (/usr/local/lib/node_modules/geddy/node_modules/model/lib/index.js:394:25)
    at Function.obj.first (/usr/local/lib/node_modules/geddy/node_modules/model/lib/index.js:356:18)
    at edit (/Users/nairdacom/Documents/Autorskie/Entries.js/app/controllers/users.js:185:22)
    at callback [as last] (/usr/local/lib/node_modules/geddy/lib/controller/base_controller.js:356:24)
[Sun, 22 Feb 2015 12:09:36 GMT] ERROR 127.0.0.1 - - [Sun Feb 22 2015 13:09:36 GMT+0100 (CET)] "GET /users/41C9B98B-F393-46FF-BA1F-211C5B1CFB06/edit 1.1" 500 2379 "http://localhost:4000/users/41C9B98B-F393-46FF-BA1F-211C5B1CFB06/" "Mozilla/5.0 (Macintosh; Intel Mac OS X 10.10; rv:35.0) Gecko/20100101 Firefox/35.0"
ReferenceError: ejs:1
 >> 1| <% if(currentUser.isAdmin) { %> 
    2| <div class="form-group col-md-6">
    3|   <label for="username" class="control-label">Nazwa użytkownika</label>
    4|   <%- contentTag('input', user.username, {type:'text', class:'form-control', name:'username'}) %>
currentUser is not defined
    at handleErr (/usr/local/lib/node_modules/geddy/lib/template/engines/ejs.js:58:15)
    at Object.rethrow (/usr/local/lib/node_modules/geddy/lib/template/engines/ejs.js:92:41)
    at eval (eval at <anonymous> (/usr/local/lib/node_modules/geddy/lib/template/engines/ejs.js:90:10), <anonymous>:2:5595)
    at /usr/local/lib/node_modules/geddy/lib/template/engines/ejs.js:103:17
    at ejs.render (/usr/local/lib/node_modules/geddy/lib/template/adapters/ejs.js:28:10)
    at Adapter.render (/usr/local/lib/node_modules/geddy/lib/template/adapters/index.js:159:24)
    at Partial.renderSelf (/usr/local/lib/node_modules/geddy/lib/template/partial.js:130:36)
    at handleData (/usr/local/lib/node_modules/geddy/lib/template/partial.js:99:16)
    at /usr/local/lib/node_modules/geddy/lib/template/partial.js:117:9
    at fs.js:272:14
[Sun, 22 Feb 2015 12:09:37 GMT] ERROR 127.0.0.1 - - [Sun Feb 22 2015 13:09:37 GMT+0100 (CET)] "GET /users/41C9B98B-F393-46FF-BA1F-211C5B1CFB06/edit 1.1" 500 2379 "http://localhost:4000/users/41C9B98B-F393-46FF-BA1F-211C5B1CFB06/" "Mozilla/5.0 (Macintosh; Intel Mac OS X 10.10; rv:35.0) Gecko/20100101 Firefox/35.0"
ReferenceError: ejs:1
 >> 1| <% if(currentUser.isAdmin) { %> 
    2| <div class="form-group col-md-6">
    3|   <label for="username" class="control-label">Nazwa użytkownika</label>
    4|   <%- contentTag('input', user.username, {type:'text', class:'form-control', name:'username'}) %>
currentUser is not defined
    at handleErr (/usr/local/lib/node_modules/geddy/lib/template/engines/ejs.js:58:15)
    at Object.rethrow (/usr/local/lib/node_modules/geddy/lib/template/engines/ejs.js:92:41)
    at eval (eval at <anonymous> (/usr/local/lib/node_modules/geddy/lib/template/engines/ejs.js:90:10), <anonymous>:2:5595)
    at /usr/local/lib/node_modules/geddy/lib/template/engines/ejs.js:103:17
    at ejs.render (/usr/local/lib/node_modules/geddy/lib/template/adapters/ejs.js:28:10)
    at Adapter.render (/usr/local/lib/node_modules/geddy/lib/template/adapters/index.js:159:24)
    at Partial.renderSelf (/usr/local/lib/node_modules/geddy/lib/template/partial.js:130:36)
    at handleData (/usr/local/lib/node_modules/geddy/lib/template/partial.js:99:16)
    at /usr/local/lib/node_modules/geddy/lib/template/partial.js:117:9
    at fs.js:272:14
[Sun, 22 Feb 2015 12:11:34 GMT] ERROR 127.0.0.1 - - [Sun Feb 22 2015 13:11:34 GMT+0100 (CET)] "GET /users/41C9B98B-F393-46FF-BA1F-211C5B1CFB06/edit 1.1" 500 2379 "http://localhost:4000/users/41C9B98B-F393-46FF-BA1F-211C5B1CFB06/" "Mozilla/5.0 (Macintosh; Intel Mac OS X 10.10; rv:35.0) Gecko/20100101 Firefox/35.0"
ReferenceError: ejs:1
 >> 1| <% if(currentUser.isAdmin) { %> 
    2| <div class="form-group col-md-6">
    3|   <label for="username" class="control-label">Nazwa użytkownika</label>
    4|   <%- contentTag('input', user.username, {type:'text', class:'form-control', name:'username'}) %>
currentUser is not defined
    at handleErr (/usr/local/lib/node_modules/geddy/lib/template/engines/ejs.js:58:15)
    at Object.rethrow (/usr/local/lib/node_modules/geddy/lib/template/engines/ejs.js:92:41)
    at eval (eval at <anonymous> (/usr/local/lib/node_modules/geddy/lib/template/engines/ejs.js:90:10), <anonymous>:2:5595)
    at /usr/local/lib/node_modules/geddy/lib/template/engines/ejs.js:103:17
    at ejs.render (/usr/local/lib/node_modules/geddy/lib/template/adapters/ejs.js:28:10)
    at Adapter.render (/usr/local/lib/node_modules/geddy/lib/template/adapters/index.js:159:24)
    at Partial.renderSelf (/usr/local/lib/node_modules/geddy/lib/template/partial.js:130:36)
    at handleData (/usr/local/lib/node_modules/geddy/lib/template/partial.js:99:16)
    at /usr/local/lib/node_modules/geddy/lib/template/partial.js:117:9
    at fs.js:272:14
[Sun, 22 Feb 2015 12:11:36 GMT] ERROR 127.0.0.1 - - [Sun Feb 22 2015 13:11:36 GMT+0100 (CET)] "GET /users/41C9B98B-F393-46FF-BA1F-211C5B1CFB06/edit 1.1" 500 2379 "http://localhost:4000/users/41C9B98B-F393-46FF-BA1F-211C5B1CFB06/" "Mozilla/5.0 (Macintosh; Intel Mac OS X 10.10; rv:35.0) Gecko/20100101 Firefox/35.0"
ReferenceError: ejs:1
 >> 1| <% if(currentUser.isAdmin) { %> 
    2| <div class="form-group col-md-6">
    3|   <label for="username" class="control-label">Nazwa użytkownika</label>
    4|   <%- contentTag('input', user.username, {type:'text', class:'form-control', name:'username'}) %>
currentUser is not defined
    at handleErr (/usr/local/lib/node_modules/geddy/lib/template/engines/ejs.js:58:15)
    at Object.rethrow (/usr/local/lib/node_modules/geddy/lib/template/engines/ejs.js:92:41)
    at eval (eval at <anonymous> (/usr/local/lib/node_modules/geddy/lib/template/engines/ejs.js:90:10), <anonymous>:2:5595)
    at /usr/local/lib/node_modules/geddy/lib/template/engines/ejs.js:103:17
    at ejs.render (/usr/local/lib/node_modules/geddy/lib/template/adapters/ejs.js:28:10)
    at Adapter.render (/usr/local/lib/node_modules/geddy/lib/template/adapters/index.js:159:24)
    at Partial.renderSelf (/usr/local/lib/node_modules/geddy/lib/template/partial.js:130:36)
    at handleData (/usr/local/lib/node_modules/geddy/lib/template/partial.js:99:16)
    at /usr/local/lib/node_modules/geddy/lib/template/partial.js:117:9
    at fs.js:272:14
[Sun, 22 Feb 2015 12:12:18 GMT] ERROR 127.0.0.1 - - [Sun Feb 22 2015 13:12:18 GMT+0100 (CET)] "GET /users/41C9B98B-F393-46FF-BA1F-211C5B1CFB06/edit 1.1" 500 2379 "http://localhost:4000/users/41C9B98B-F393-46FF-BA1F-211C5B1CFB06/" "Mozilla/5.0 (Macintosh; Intel Mac OS X 10.10; rv:35.0) Gecko/20100101 Firefox/35.0"
ReferenceError: ejs:1
 >> 1| <% if(currentUser.isAdmin) { %> 
    2| <div class="form-group col-md-6">
    3|   <label for="username" class="control-label">Nazwa użytkownika</label>
    4|   <%- contentTag('input', user.username, {type:'text', class:'form-control', name:'username'}) %>
currentUser is not defined
    at handleErr (/usr/local/lib/node_modules/geddy/lib/template/engines/ejs.js:58:15)
    at Object.rethrow (/usr/local/lib/node_modules/geddy/lib/template/engines/ejs.js:92:41)
    at eval (eval at <anonymous> (/usr/local/lib/node_modules/geddy/lib/template/engines/ejs.js:90:10), <anonymous>:2:5595)
    at /usr/local/lib/node_modules/geddy/lib/template/engines/ejs.js:103:17
    at ejs.render (/usr/local/lib/node_modules/geddy/lib/template/adapters/ejs.js:28:10)
    at Adapter.render (/usr/local/lib/node_modules/geddy/lib/template/adapters/index.js:159:24)
    at Partial.renderSelf (/usr/local/lib/node_modules/geddy/lib/template/partial.js:130:36)
    at handleData (/usr/local/lib/node_modules/geddy/lib/template/partial.js:99:16)
    at /usr/local/lib/node_modules/geddy/lib/template/partial.js:117:9
    at fs.js:272:14
[Sun, 22 Feb 2015 12:12:19 GMT] ERROR 127.0.0.1 - - [Sun Feb 22 2015 13:12:19 GMT+0100 (CET)] "GET /users/41C9B98B-F393-46FF-BA1F-211C5B1CFB06/edit 1.1" 500 2379 "http://localhost:4000/users/41C9B98B-F393-46FF-BA1F-211C5B1CFB06/" "Mozilla/5.0 (Macintosh; Intel Mac OS X 10.10; rv:35.0) Gecko/20100101 Firefox/35.0"
ReferenceError: ejs:1
 >> 1| <% if(currentUser.isAdmin) { %> 
    2| <div class="form-group col-md-6">
    3|   <label for="username" class="control-label">Nazwa użytkownika</label>
    4|   <%- contentTag('input', user.username, {type:'text', class:'form-control', name:'username'}) %>
currentUser is not defined
    at handleErr (/usr/local/lib/node_modules/geddy/lib/template/engines/ejs.js:58:15)
    at Object.rethrow (/usr/local/lib/node_modules/geddy/lib/template/engines/ejs.js:92:41)
    at eval (eval at <anonymous> (/usr/local/lib/node_modules/geddy/lib/template/engines/ejs.js:90:10), <anonymous>:2:5595)
    at /usr/local/lib/node_modules/geddy/lib/template/engines/ejs.js:103:17
    at ejs.render (/usr/local/lib/node_modules/geddy/lib/template/adapters/ejs.js:28:10)
    at Adapter.render (/usr/local/lib/node_modules/geddy/lib/template/adapters/index.js:159:24)
    at Partial.renderSelf (/usr/local/lib/node_modules/geddy/lib/template/partial.js:130:36)
    at handleData (/usr/local/lib/node_modules/geddy/lib/template/partial.js:99:16)
    at /usr/local/lib/node_modules/geddy/lib/template/partial.js:117:9
    at fs.js:272:14
[Sun, 22 Feb 2015 12:12:51 GMT] ERROR 127.0.0.1 - - [Sun Feb 22 2015 13:12:51 GMT+0100 (CET)] "GET /users/41C9B98B-F393-46FF-BA1F-211C5B1CFB06/edit 1.1" 500 2417 "http://localhost:4000/users/41C9B98B-F393-46FF-BA1F-211C5B1CFB06/" "Mozilla/5.0 (Macintosh; Intel Mac OS X 10.10; rv:35.0) Gecko/20100101 Firefox/35.0"
ReferenceError: ejs:2
    1| <% console.log(this); %>
 >> 2| <% if(currentUser.isAdmin) { %> 
    3| <div class="form-group col-md-6">
    4|   <label for="username" class="control-label">Nazwa użytkownika</label>
    5|   <%- contentTag('input', user.username, {type:'text', class:'form-control', name:'username'}) %>
currentUser is not defined
    at handleErr (/usr/local/lib/node_modules/geddy/lib/template/engines/ejs.js:58:15)
    at Object.rethrow (/usr/local/lib/node_modules/geddy/lib/template/engines/ejs.js:92:41)
    at eval (eval at <anonymous> (/usr/local/lib/node_modules/geddy/lib/template/engines/ejs.js:90:10), <anonymous>:2:5643)
    at /usr/local/lib/node_modules/geddy/lib/template/engines/ejs.js:103:17
    at ejs.render (/usr/local/lib/node_modules/geddy/lib/template/adapters/ejs.js:28:10)
    at Adapter.render (/usr/local/lib/node_modules/geddy/lib/template/adapters/index.js:159:24)
    at Partial.renderSelf (/usr/local/lib/node_modules/geddy/lib/template/partial.js:130:36)
    at handleData (/usr/local/lib/node_modules/geddy/lib/template/partial.js:99:16)
    at /usr/local/lib/node_modules/geddy/lib/template/partial.js:117:9
    at fs.js:272:14
[Mon, 23 Feb 2015 11:13:10 GMT] ERROR 127.0.0.1 - - [Mon Feb 23 2015 12:13:10 GMT+0100 (CET)] "GET /entries/C33D9140-4BCB-4D25-8144-A3262355F975/2599C609-9C84-4714-B39F-4C9CD67DE31B 1.1" 500 2743 "http://localhost:4000/entries/C33D9140-4BCB-4D25-8144-A3262355F975" "Mozilla/5.0 (Macintosh; Intel Mac OS X 10_10_3) AppleWebKit/537.36 (KHTML, like Gecko) Chrome/40.0.2214.115 Safari/537.36"
ReferenceError: ejs:69
    67|             <div class="scroll-wrapper">
    68|                 <% for (var i=0; i<coachList.length; i++) { %>
 >> 69|                     <input type="checkbox" <% if(coaches!== undefined){ %><%= coachChecked(coachList[i].id,coaches) %><% } %> name="coachList" value="<%= coachList[i].id %>" id="<%= coachList[i].id %>" />
    70|                     <label for="<%= coachList[i].id %>" >
    71|                         <%= coachList[i].licenceNo + " | " + coachList[i].lastName + " " + coachList[i].firstName %>
    72|                     </label><br/>
coaches is not defined
    at handleErr (/usr/local/lib/node_modules/geddy/lib/template/engines/ejs.js:58:15)
    at Object.rethrow (/usr/local/lib/node_modules/geddy/lib/template/engines/ejs.js:92:41)
    at eval (eval at <anonymous> (/usr/local/lib/node_modules/geddy/lib/template/engines/ejs.js:92:5), <anonymous>:9:436)
    at /usr/local/lib/node_modules/geddy/lib/template/engines/ejs.js:103:17
    at ejs.render (/usr/local/lib/node_modules/geddy/lib/template/adapters/ejs.js:28:10)
    at Adapter.render (/usr/local/lib/node_modules/geddy/lib/template/adapters/index.js:159:24)
    at Partial.renderSelf (/usr/local/lib/node_modules/geddy/lib/template/partial.js:130:36)
    at handleData (/usr/local/lib/node_modules/geddy/lib/template/partial.js:99:16)
    at /usr/local/lib/node_modules/geddy/lib/template/partial.js:117:9
    at fs.js:272:14
[Mon, 23 Feb 2015 11:14:20 GMT] ERROR 127.0.0.1 - - [Mon Feb 23 2015 12:14:20 GMT+0100 (CET)] "GET /entries/C33D9140-4BCB-4D25-8144-A3262355F975/2599C609-9C84-4714-B39F-4C9CD67DE31B 1.1" 500 2770 "http://localhost:4000/entries/C33D9140-4BCB-4D25-8144-A3262355F975" "Mozilla/5.0 (Macintosh; Intel Mac OS X 10_10_3) AppleWebKit/537.36 (KHTML, like Gecko) Chrome/40.0.2214.115 Safari/537.36"
ReferenceError: ejs:69
    67|             <div class="scroll-wrapper">
    68|                 <% for (var i=0; i<coachList.length; i++) { %>
 >> 69|                     <input type="checkbox" <% if((coaches!== undefined)&&(coaches!=null)){ %><%= coachChecked(coachList[i].id,coaches) %><% } %> name="coachList" value="<%= coachList[i].id %>" id="<%= coachList[i].id %>" />
    70|                     <label for="<%= coachList[i].id %>" >
    71|                         <%= coachList[i].licenceNo + " | " + coachList[i].lastName + " " + coachList[i].firstName %>
    72|                     </label><br/>
coaches is not defined
    at handleErr (/usr/local/lib/node_modules/geddy/lib/template/engines/ejs.js:58:15)
    at Object.rethrow (/usr/local/lib/node_modules/geddy/lib/template/engines/ejs.js:92:41)
    at eval (eval at <anonymous> (/usr/local/lib/node_modules/geddy/lib/template/engines/ejs.js:92:5), <anonymous>:9:436)
    at /usr/local/lib/node_modules/geddy/lib/template/engines/ejs.js:103:17
    at ejs.render (/usr/local/lib/node_modules/geddy/lib/template/adapters/ejs.js:28:10)
    at Adapter.render (/usr/local/lib/node_modules/geddy/lib/template/adapters/index.js:159:24)
    at Partial.renderSelf (/usr/local/lib/node_modules/geddy/lib/template/partial.js:130:36)
    at handleData (/usr/local/lib/node_modules/geddy/lib/template/partial.js:99:16)
    at /usr/local/lib/node_modules/geddy/lib/template/partial.js:117:9
    at fs.js:272:14
[Mon, 23 Feb 2015 11:14:26 GMT] ERROR 127.0.0.1 - - [Mon Feb 23 2015 12:14:25 GMT+0100 (CET)] "GET /entries/C33D9140-4BCB-4D25-8144-A3262355F975/2599C609-9C84-4714-B39F-4C9CD67DE31B 1.1" 500 2771 "http://localhost:4000/entries/C33D9140-4BCB-4D25-8144-A3262355F975" "Mozilla/5.0 (Macintosh; Intel Mac OS X 10_10_3) AppleWebKit/537.36 (KHTML, like Gecko) Chrome/40.0.2214.115 Safari/537.36"
ReferenceError: ejs:69
    67|             <div class="scroll-wrapper">
    68|                 <% for (var i=0; i<coachList.length; i++) { %>
 >> 69|                     <input type="checkbox" <% if((coaches!== undefined)&&(coaches!==null)){ %><%= coachChecked(coachList[i].id,coaches) %><% } %> name="coachList" value="<%= coachList[i].id %>" id="<%= coachList[i].id %>" />
    70|                     <label for="<%= coachList[i].id %>" >
    71|                         <%= coachList[i].licenceNo + " | " + coachList[i].lastName + " " + coachList[i].firstName %>
    72|                     </label><br/>
coaches is not defined
    at handleErr (/usr/local/lib/node_modules/geddy/lib/template/engines/ejs.js:58:15)
    at Object.rethrow (/usr/local/lib/node_modules/geddy/lib/template/engines/ejs.js:92:41)
    at eval (eval at <anonymous> (/usr/local/lib/node_modules/geddy/lib/template/engines/ejs.js:92:5), <anonymous>:9:436)
    at /usr/local/lib/node_modules/geddy/lib/template/engines/ejs.js:103:17
    at ejs.render (/usr/local/lib/node_modules/geddy/lib/template/adapters/ejs.js:28:10)
    at Adapter.render (/usr/local/lib/node_modules/geddy/lib/template/adapters/index.js:159:24)
    at Partial.renderSelf (/usr/local/lib/node_modules/geddy/lib/template/partial.js:130:36)
    at handleData (/usr/local/lib/node_modules/geddy/lib/template/partial.js:99:16)
    at /usr/local/lib/node_modules/geddy/lib/template/partial.js:117:9
    at fs.js:272:14
[Mon, 23 Feb 2015 11:14:26 GMT] ERROR 127.0.0.1 - - [Mon Feb 23 2015 12:14:26 GMT+0100 (CET)] "GET /entries/C33D9140-4BCB-4D25-8144-A3262355F975/2599C609-9C84-4714-B39F-4C9CD67DE31B 1.1" 500 2771 "http://localhost:4000/entries/C33D9140-4BCB-4D25-8144-A3262355F975" "Mozilla/5.0 (Macintosh; Intel Mac OS X 10_10_3) AppleWebKit/537.36 (KHTML, like Gecko) Chrome/40.0.2214.115 Safari/537.36"
ReferenceError: ejs:69
    67|             <div class="scroll-wrapper">
    68|                 <% for (var i=0; i<coachList.length; i++) { %>
 >> 69|                     <input type="checkbox" <% if((coaches!== undefined)&&(coaches!==null)){ %><%= coachChecked(coachList[i].id,coaches) %><% } %> name="coachList" value="<%= coachList[i].id %>" id="<%= coachList[i].id %>" />
    70|                     <label for="<%= coachList[i].id %>" >
    71|                         <%= coachList[i].licenceNo + " | " + coachList[i].lastName + " " + coachList[i].firstName %>
    72|                     </label><br/>
coaches is not defined
    at handleErr (/usr/local/lib/node_modules/geddy/lib/template/engines/ejs.js:58:15)
    at Object.rethrow (/usr/local/lib/node_modules/geddy/lib/template/engines/ejs.js:92:41)
    at eval (eval at <anonymous> (/usr/local/lib/node_modules/geddy/lib/template/engines/ejs.js:92:5), <anonymous>:9:436)
    at /usr/local/lib/node_modules/geddy/lib/template/engines/ejs.js:103:17
    at ejs.render (/usr/local/lib/node_modules/geddy/lib/template/adapters/ejs.js:28:10)
    at Adapter.render (/usr/local/lib/node_modules/geddy/lib/template/adapters/index.js:159:24)
    at Partial.renderSelf (/usr/local/lib/node_modules/geddy/lib/template/partial.js:130:36)
    at handleData (/usr/local/lib/node_modules/geddy/lib/template/partial.js:99:16)
    at /usr/local/lib/node_modules/geddy/lib/template/partial.js:117:9
    at fs.js:272:14
[Mon, 23 Feb 2015 11:14:33 GMT] ERROR 127.0.0.1 - - [Mon Feb 23 2015 12:14:33 GMT+0100 (CET)] "GET /entries/C33D9140-4BCB-4D25-8144-A3262355F975/2599C609-9C84-4714-B39F-4C9CD67DE31B 1.1" 500 2770 "http://localhost:4000/entries/C33D9140-4BCB-4D25-8144-A3262355F975" "Mozilla/5.0 (Macintosh; Intel Mac OS X 10_10_3) AppleWebKit/537.36 (KHTML, like Gecko) Chrome/40.0.2214.115 Safari/537.36"
ReferenceError: ejs:69
    67|             <div class="scroll-wrapper">
    68|                 <% for (var i=0; i<coachList.length; i++) { %>
 >> 69|                     <input type="checkbox" <% if((coaches!= undefined)&&(coaches!==null)){ %><%= coachChecked(coachList[i].id,coaches) %><% } %> name="coachList" value="<%= coachList[i].id %>" id="<%= coachList[i].id %>" />
    70|                     <label for="<%= coachList[i].id %>" >
    71|                         <%= coachList[i].licenceNo + " | " + coachList[i].lastName + " " + coachList[i].firstName %>
    72|                     </label><br/>
coaches is not defined
    at handleErr (/usr/local/lib/node_modules/geddy/lib/template/engines/ejs.js:58:15)
    at Object.rethrow (/usr/local/lib/node_modules/geddy/lib/template/engines/ejs.js:92:41)
    at eval (eval at <anonymous> (/usr/local/lib/node_modules/geddy/lib/template/engines/ejs.js:92:5), <anonymous>:9:436)
    at /usr/local/lib/node_modules/geddy/lib/template/engines/ejs.js:103:17
    at ejs.render (/usr/local/lib/node_modules/geddy/lib/template/adapters/ejs.js:28:10)
    at Adapter.render (/usr/local/lib/node_modules/geddy/lib/template/adapters/index.js:159:24)
    at Partial.renderSelf (/usr/local/lib/node_modules/geddy/lib/template/partial.js:130:36)
    at handleData (/usr/local/lib/node_modules/geddy/lib/template/partial.js:99:16)
    at /usr/local/lib/node_modules/geddy/lib/template/partial.js:117:9
    at fs.js:272:14
[Mon, 23 Feb 2015 11:17:31 GMT] ERROR 127.0.0.1 - - [Mon Feb 23 2015 12:17:31 GMT+0100 (CET)] "GET /entries/C33D9140-4BCB-4D25-8144-A3262355F975/2599C609-9C84-4714-B39F-4C9CD67DE31B 1.1" 500 2776 "http://localhost:4000/entries/C33D9140-4BCB-4D25-8144-A3262355F975" "Mozilla/5.0 (Macintosh; Intel Mac OS X 10_10_3) AppleWebKit/537.36 (KHTML, like Gecko) Chrome/40.0.2214.115 Safari/537.36"
ReferenceError: ejs:69
    67|             <div class="scroll-wrapper">
    68|                 <% for (var i=0; i<coachList.length; i++) { %>
 >> 69|                 <% console.log(coaches); %> 
    70|                     <input type="checkbox" <% if((coaches!== undefined)&&(coaches!==null)){ %><%= coachChecked(coachList[i].id,coaches) %><% } %> name="coachList" value="<%= coachList[i].id %>" id="<%= coachList[i].id %>" />
    71|                     <label for="<%= coachList[i].id %>" >
    72|                         <%= coachList[i].licenceNo + " | " + coachList[i].lastName + " " + coachList[i].firstName %>
coaches is not defined
    at handleErr (/usr/local/lib/node_modules/geddy/lib/template/engines/ejs.js:58:15)
    at Object.rethrow (/usr/local/lib/node_modules/geddy/lib/template/engines/ejs.js:92:41)
    at eval (eval at <anonymous> (/usr/local/lib/node_modules/geddy/lib/template/engines/ejs.js:92:5), <anonymous>:9:436)
    at /usr/local/lib/node_modules/geddy/lib/template/engines/ejs.js:103:17
    at ejs.render (/usr/local/lib/node_modules/geddy/lib/template/adapters/ejs.js:28:10)
    at Adapter.render (/usr/local/lib/node_modules/geddy/lib/template/adapters/index.js:159:24)
    at Partial.renderSelf (/usr/local/lib/node_modules/geddy/lib/template/partial.js:130:36)
    at handleData (/usr/local/lib/node_modules/geddy/lib/template/partial.js:99:16)
    at /usr/local/lib/node_modules/geddy/lib/template/partial.js:117:9
    at fs.js:272:14
[Mon, 23 Feb 2015 11:18:05 GMT] ERROR 127.0.0.1 - - [Mon Feb 23 2015 12:18:05 GMT+0100 (CET)] "GET /entries/C33D9140-4BCB-4D25-8144-A3262355F975/2599C609-9C84-4714-B39F-4C9CD67DE31B 1.1" 500 2795 "http://localhost:4000/entries/C33D9140-4BCB-4D25-8144-A3262355F975" "Mozilla/5.0 (Macintosh; Intel Mac OS X 10_10_3) AppleWebKit/537.36 (KHTML, like Gecko) Chrome/40.0.2214.115 Safari/537.36"
ReferenceError: ejs:69
    67|             <div class="scroll-wrapper">
    68|                 <% for (var i=0; i<coachList.length; i++) { %>
 >> 69|                 <% console.log("\n\n\n"+coaches); %> 
    70|                     <input type="checkbox" <% if((coaches!== undefined)&&(coaches!==null)){ %><%= coachChecked(coachList[i].id,coaches) %><% } %> name="coachList" value="<%= coachList[i].id %>" id="<%= coachList[i].id %>" />
    71|                     <label for="<%= coachList[i].id %>" >
    72|                         <%= coachList[i].licenceNo + " | " + coachList[i].lastName + " " + coachList[i].firstName %>
coaches is not defined
    at handleErr (/usr/local/lib/node_modules/geddy/lib/template/engines/ejs.js:58:15)
    at Object.rethrow (/usr/local/lib/node_modules/geddy/lib/template/engines/ejs.js:92:41)
    at eval (eval at <anonymous> (/usr/local/lib/node_modules/geddy/lib/template/engines/ejs.js:92:5), <anonymous>:9:436)
    at /usr/local/lib/node_modules/geddy/lib/template/engines/ejs.js:103:17
    at ejs.render (/usr/local/lib/node_modules/geddy/lib/template/adapters/ejs.js:28:10)
    at Adapter.render (/usr/local/lib/node_modules/geddy/lib/template/adapters/index.js:159:24)
    at Partial.renderSelf (/usr/local/lib/node_modules/geddy/lib/template/partial.js:130:36)
    at handleData (/usr/local/lib/node_modules/geddy/lib/template/partial.js:99:16)
    at /usr/local/lib/node_modules/geddy/lib/template/partial.js:117:9
    at fs.js:272:14
[Mon, 23 Feb 2015 11:22:49 GMT] ERROR 127.0.0.1 - - [Mon Feb 23 2015 12:22:49 GMT+0100 (CET)] "GET /users/add 1.1" 500 2379 "http://localhost:4000/users/" "Mozilla/5.0 (Macintosh; Intel Mac OS X 10_10_3) AppleWebKit/537.36 (KHTML, like Gecko) Chrome/40.0.2214.115 Safari/537.36"
ReferenceError: ejs:1
 >> 1| <% if(currentUser.isAdmin) { %> 
    2| <div class="form-group col-md-6">
    3|   <label for="username" class="control-label">Nazwa użytkownika</label>
    4|   <%- contentTag('input', user.username, {type:'text', class:'form-control', name:'username'}) %>
currentUser is not defined
    at handleErr (/usr/local/lib/node_modules/geddy/lib/template/engines/ejs.js:58:15)
    at Object.rethrow (/usr/local/lib/node_modules/geddy/lib/template/engines/ejs.js:92:41)
    at eval (eval at <anonymous> (/usr/local/lib/node_modules/geddy/lib/template/engines/ejs.js:90:10), <anonymous>:2:5583)
    at /usr/local/lib/node_modules/geddy/lib/template/engines/ejs.js:103:17
    at ejs.render (/usr/local/lib/node_modules/geddy/lib/template/adapters/ejs.js:28:10)
    at Adapter.render (/usr/local/lib/node_modules/geddy/lib/template/adapters/index.js:159:24)
    at Partial.renderSelf (/usr/local/lib/node_modules/geddy/lib/template/partial.js:130:36)
    at handleData (/usr/local/lib/node_modules/geddy/lib/template/partial.js:99:16)
    at /usr/local/lib/node_modules/geddy/lib/template/partial.js:117:9
    at fs.js:272:14
[Mon, 23 Feb 2015 11:23:33 GMT] ERROR 127.0.0.1 - - [Mon Feb 23 2015 12:23:33 GMT+0100 (CET)] "GET /users/add 1.1" 500 2379 "http://localhost:4000/users/" "Mozilla/5.0 (Macintosh; Intel Mac OS X 10_10_3) AppleWebKit/537.36 (KHTML, like Gecko) Chrome/40.0.2214.115 Safari/537.36"
ReferenceError: ejs:1
 >> 1| <% if(currentUser.isAdmin) { %> 
    2| <div class="form-group col-md-6">
    3|   <label for="username" class="control-label">Nazwa użytkownika</label>
    4|   <%- contentTag('input', user.username, {type:'text', class:'form-control', name:'username'}) %>
currentUser is not defined
    at handleErr (/usr/local/lib/node_modules/geddy/lib/template/engines/ejs.js:58:15)
    at Object.rethrow (/usr/local/lib/node_modules/geddy/lib/template/engines/ejs.js:92:41)
    at eval (eval at <anonymous> (/usr/local/lib/node_modules/geddy/lib/template/engines/ejs.js:90:10), <anonymous>:2:5583)
    at /usr/local/lib/node_modules/geddy/lib/template/engines/ejs.js:103:17
    at ejs.render (/usr/local/lib/node_modules/geddy/lib/template/adapters/ejs.js:28:10)
    at Adapter.render (/usr/local/lib/node_modules/geddy/lib/template/adapters/index.js:159:24)
    at Partial.renderSelf (/usr/local/lib/node_modules/geddy/lib/template/partial.js:130:36)
    at handleData (/usr/local/lib/node_modules/geddy/lib/template/partial.js:99:16)
    at /usr/local/lib/node_modules/geddy/lib/template/partial.js:117:9
    at fs.js:272:14
[Mon, 23 Feb 2015 11:24:14 GMT] ERROR Worker 18574 died.
[Mon, 23 Feb 2015 11:24:16 GMT] ERROR 127.0.0.1 - - [Mon Feb 23 2015 12:24:16 GMT+0100 (CET)] "GET /users/add 1.1" 500 1809 "http://localhost:4000/users/" "Mozilla/5.0 (Macintosh; Intel Mac OS X 10_10_3) AppleWebKit/537.36 (KHTML, like Gecko) Chrome/40.0.2214.115 Safari/537.36"
TypeError: Cannot call method 'get' of undefined
    at new Users (/Users/nairdacom/Documents/Autorskie/Entries.js/app/controllers/users.js:40:37)
    at controller.create (/usr/local/lib/node_modules/geddy/lib/controller/index.js:44:14)
    at /usr/local/lib/node_modules/geddy/lib/app/index.js:308:39
    at b (domain.js:183:18)
    at Domain.run (domain.js:123:23)
    at Server.<anonymous> (/usr/local/lib/node_modules/geddy/lib/app/index.js:282:11)
    at Server.emit (events.js:98:17)
    at HTTPParser.parser.onIncoming (http.js:2113:12)
    at HTTPParser.parserOnHeadersComplete [as onHeadersComplete] (http.js:122:23)
    at Socket.socket.ondata (http.js:1971:22)
[Mon, 23 Feb 2015 11:24:40 GMT] ERROR 127.0.0.1 - - [Mon Feb 23 2015 12:24:40 GMT+0100 (CET)] "GET /users/add 1.1" 500 2379 "http://localhost:4000/users/" "Mozilla/5.0 (Macintosh; Intel Mac OS X 10_10_3) AppleWebKit/537.36 (KHTML, like Gecko) Chrome/40.0.2214.115 Safari/537.36"
ReferenceError: ejs:1
 >> 1| <% if(currentUser.isAdmin) { %> 
    2| <div class="form-group col-md-6">
    3|   <label for="username" class="control-label">Nazwa użytkownika</label>
    4|   <%- contentTag('input', user.username, {type:'text', class:'form-control', name:'username'}) %>
currentUser is not defined
    at handleErr (/usr/local/lib/node_modules/geddy/lib/template/engines/ejs.js:58:15)
    at Object.rethrow (/usr/local/lib/node_modules/geddy/lib/template/engines/ejs.js:92:41)
    at eval (eval at <anonymous> (/usr/local/lib/node_modules/geddy/lib/template/engines/ejs.js:90:10), <anonymous>:2:5583)
    at /usr/local/lib/node_modules/geddy/lib/template/engines/ejs.js:103:17
    at ejs.render (/usr/local/lib/node_modules/geddy/lib/template/adapters/ejs.js:28:10)
    at Adapter.render (/usr/local/lib/node_modules/geddy/lib/template/adapters/index.js:159:24)
    at Partial.renderSelf (/usr/local/lib/node_modules/geddy/lib/template/partial.js:130:36)
    at handleData (/usr/local/lib/node_modules/geddy/lib/template/partial.js:99:16)
    at /usr/local/lib/node_modules/geddy/lib/template/partial.js:117:9
    at fs.js:272:14
[Mon, 23 Feb 2015 11:48:22 GMT] ERROR 127.0.0.1 - - [Mon Feb 23 2015 12:48:22 GMT+0100 (CET)] "GET /competitions/add 1.1" 500 1605 "-" "Mozilla/5.0 (Macintosh; Intel Mac OS X 10_10_3) AppleWebKit/537.36 (KHTML, like Gecko) Chrome/40.0.2214.115 Safari/537.36"
ReferenceError: events is not defined
    at add (/Users/nairdacom/Documents/Autorskie/Entries.js/app/controllers/competitions.js:17:45)
    at callback [as last] (/usr/local/lib/node_modules/geddy/lib/controller/base_controller.js:356:24)
    at async.AsyncBase.next (/usr/local/lib/node_modules/geddy/node_modules/utilities/lib/async.js:123:12)
    at /usr/local/lib/node_modules/geddy/node_modules/utilities/lib/async.js:155:54
    at process._tickDomainCallback (node.js:486:13)
[Mon, 23 Feb 2015 11:48:34 GMT] ERROR 127.0.0.1 - - [Mon Feb 23 2015 12:48:34 GMT+0100 (CET)] "GET /competitions/add 1.1" 500 1604 "-" "Mozilla/5.0 (Macintosh; Intel Mac OS X 10_10_3) AppleWebKit/537.36 (KHTML, like Gecko) Chrome/40.0.2214.115 Safari/537.36"
ReferenceError: Event is not defined
    at add (/Users/nairdacom/Documents/Autorskie/Entries.js/app/controllers/competitions.js:17:45)
    at callback [as last] (/usr/local/lib/node_modules/geddy/lib/controller/base_controller.js:356:24)
    at async.AsyncBase.next (/usr/local/lib/node_modules/geddy/node_modules/utilities/lib/async.js:123:12)
    at /usr/local/lib/node_modules/geddy/node_modules/utilities/lib/async.js:155:54
    at process._tickDomainCallback (node.js:486:13)
[Mon, 23 Feb 2015 11:48:41 GMT] ERROR 127.0.0.1 - - [Mon Feb 23 2015 12:48:41 GMT+0100 (CET)] "GET /competitions/add 1.1" 500 1604 "-" "Mozilla/5.0 (Macintosh; Intel Mac OS X 10_10_3) AppleWebKit/537.36 (KHTML, like Gecko) Chrome/40.0.2214.115 Safari/537.36"
ReferenceError: Event is not defined
    at add (/Users/nairdacom/Documents/Autorskie/Entries.js/app/controllers/competitions.js:17:49)
    at callback [as last] (/usr/local/lib/node_modules/geddy/lib/controller/base_controller.js:356:24)
    at async.AsyncBase.next (/usr/local/lib/node_modules/geddy/node_modules/utilities/lib/async.js:123:12)
    at /usr/local/lib/node_modules/geddy/node_modules/utilities/lib/async.js:155:54
    at process._tickDomainCallback (node.js:486:13)
[Mon, 23 Feb 2015 11:48:52 GMT] ERROR 127.0.0.1 - - [Mon Feb 23 2015 12:48:52 GMT+0100 (CET)] "GET /competitions/add 1.1" 500 1604 "-" "Mozilla/5.0 (Macintosh; Intel Mac OS X 10_10_3) AppleWebKit/537.36 (KHTML, like Gecko) Chrome/40.0.2214.115 Safari/537.36"
ReferenceError: Event is not defined
    at add (/Users/nairdacom/Documents/Autorskie/Entries.js/app/controllers/competitions.js:17:49)
    at callback [as last] (/usr/local/lib/node_modules/geddy/lib/controller/base_controller.js:356:24)
    at async.AsyncBase.next (/usr/local/lib/node_modules/geddy/node_modules/utilities/lib/async.js:123:12)
    at /usr/local/lib/node_modules/geddy/node_modules/utilities/lib/async.js:155:54
    at process._tickDomainCallback (node.js:486:13)
[Mon, 23 Feb 2015 11:49:05 GMT] ERROR 127.0.0.1 - - [Mon Feb 23 2015 12:49:05 GMT+0100 (CET)] "GET /competitions/add 1.1" 500 1731 "-" "Mozilla/5.0 (Macintosh; Intel Mac OS X 10_10_3) AppleWebKit/537.36 (KHTML, like Gecko) Chrome/40.0.2214.115 Safari/537.36"
TypeError: Cannot read property '_saved' of undefined
    at ModelItemConstructor (/usr/local/lib/node_modules/geddy/node_modules/model/lib/index.js:86:27)
    at add (/Users/nairdacom/Documents/Autorskie/Entries.js/app/controllers/competitions.js:17:45)
    at callback [as last] (/usr/local/lib/node_modules/geddy/lib/controller/base_controller.js:356:24)
    at async.AsyncBase.next (/usr/local/lib/node_modules/geddy/node_modules/utilities/lib/async.js:123:12)
    at /usr/local/lib/node_modules/geddy/node_modules/utilities/lib/async.js:155:54
    at process._tickDomainCallback (node.js:486:13)
[Mon, 23 Feb 2015 11:49:08 GMT] ERROR 127.0.0.1 - - [Mon Feb 23 2015 12:49:08 GMT+0100 (CET)] "GET /competitions/add 1.1" 500 1731 "-" "Mozilla/5.0 (Macintosh; Intel Mac OS X 10_10_3) AppleWebKit/537.36 (KHTML, like Gecko) Chrome/40.0.2214.115 Safari/537.36"
TypeError: Cannot read property '_saved' of undefined
    at ModelItemConstructor (/usr/local/lib/node_modules/geddy/node_modules/model/lib/index.js:86:27)
    at add (/Users/nairdacom/Documents/Autorskie/Entries.js/app/controllers/competitions.js:17:45)
    at callback [as last] (/usr/local/lib/node_modules/geddy/lib/controller/base_controller.js:356:24)
    at async.AsyncBase.next (/usr/local/lib/node_modules/geddy/node_modules/utilities/lib/async.js:123:12)
    at /usr/local/lib/node_modules/geddy/node_modules/utilities/lib/async.js:155:54
    at process._tickDomainCallback (node.js:486:13)
